{"/root/betforbes-backend/src/app.ts": {"path":"/root/betforbes-backend/src/app.ts","statementMap":{"0":{"start":{"line":1,"column":0},"end":{"line":1,"column":67}},"1":{"start":{"line":2,"column":0},"end":{"line":2,"column":24}},"2":{"start":{"line":3,"column":0},"end":{"line":3,"column":28}},"3":{"start":{"line":4,"column":0},"end":{"line":4,"column":28}},"4":{"start":{"line":5,"column":0},"end":{"line":5,"column":58}},"5":{"start":{"line":6,"column":0},"end":{"line":6,"column":56}},"6":{"start":{"line":7,"column":0},"end":{"line":7,"column":33}},"7":{"start":{"line":9,"column":12},"end":{"line":9,"column":21}},"8":{"start":{"line":10,"column":0},"end":{"line":17,"column":3}},"9":{"start":{"line":11,"column":15},"end":{"line":11,"column":43}},"10":{"start":{"line":12,"column":2},"end":{"line":15,"column":3}},"11":{"start":{"line":13,"column":4},"end":{"line":13,"column":67}},"12":{"start":{"line":14,"column":2},"end":{"line":14,"column":9}},"13":{"start":{"line":16,"column":2},"end":{"line":16,"column":9}},"14":{"start":{"line":20,"column":0},"end":{"line":20,"column":18}},"15":{"start":{"line":21,"column":0},"end":{"line":26,"column":2}},"16":{"start":{"line":27,"column":0},"end":{"line":27,"column":24}},"17":{"start":{"line":28,"column":0},"end":{"line":28,"column":24}},"18":{"start":{"line":31,"column":0},"end":{"line":31,"column":21}},"19":{"start":{"line":34,"column":0},"end":{"line":34,"column":27}},"20":{"start":{"line":37,"column":0},"end":{"line":37,"column":22}},"21":{"start":{"line":39,"column":0},"end":{"line":39,"column":19}}},"fnMap":{"0":{"name":"(anonymous_1)","decl":{"start":{"line":10,"column":29},"end":{"line":10,"column":30}},"loc":{"start":{"line":10,"column":87},"end":{"line":17,"column":1}}}},"branchMap":{"0":{"loc":{"start":{"line":12,"column":2},"end":{"line":15,"column":3}},"type":"if","locations":[{"start":{"line":12,"column":2},"end":{"line":15,"column":3}}]},"1":{"loc":{"start":{"line":12,"column":6},"end":{"line":12,"column":42}},"type":"binary-expr","locations":[{"start":{"line":12,"column":6},"end":{"line":12,"column":11}},{"start":{"line":12,"column":15},"end":{"line":12,"column":42}}]}},"s":{"0":3,"1":3,"2":3,"3":3,"4":3,"5":3,"6":3,"7":3,"8":3,"9":1,"10":1,"11":0,"12":0,"13":1,"14":3,"15":3,"16":3,"17":3,"18":3,"19":3,"20":3,"21":3},"f":{"0":1},"b":{"0":[0],"1":[1,1]}}
,"/root/betforbes-backend/src/prisma.ts": {"path":"/root/betforbes-backend/src/prisma.ts","statementMap":{"0":{"start":{"line":1,"column":0},"end":{"line":1,"column":46}},"1":{"start":{"line":3,"column":15},"end":{"line":3,"column":33}},"2":{"start":{"line":5,"column":0},"end":{"line":5,"column":22}}},"fnMap":{},"branchMap":{},"s":{"0":3,"1":3,"2":3},"f":{},"b":{}}
,"/root/betforbes-backend/src/lib/jwt.ts": {"path":"/root/betforbes-backend/src/lib/jwt.ts","statementMap":{"0":{"start":{"line":1,"column":0},"end":{"line":1,"column":48}},"1":{"start":{"line":24,"column":4},"end":{"line":24,"column":73}},"2":{"start":{"line":25,"column":4},"end":{"line":25,"column":90}},"3":{"start":{"line":26,"column":4},"end":{"line":26,"column":65}},"4":{"start":{"line":27,"column":4},"end":{"line":27,"column":73}},"5":{"start":{"line":34,"column":20},"end":{"line":38,"column":6}},"6":{"start":{"line":40,"column":29},"end":{"line":42,"column":6}},"7":{"start":{"line":44,"column":36},"end":{"line":46,"column":6}},"8":{"start":{"line":48,"column":24},"end":{"line":48,"column":78}},"9":{"start":{"line":49,"column":25},"end":{"line":49,"column":87}},"10":{"start":{"line":51,"column":4},"end":{"line":51,"column":41}},"11":{"start":{"line":58,"column":4},"end":{"line":62,"column":5}},"12":{"start":{"line":59,"column":6},"end":{"line":59,"column":69}},"13":{"start":{"line":61,"column":6},"end":{"line":61,"column":52}},"14":{"start":{"line":69,"column":4},"end":{"line":73,"column":5}},"15":{"start":{"line":70,"column":6},"end":{"line":70,"column":70}},"16":{"start":{"line":72,"column":6},"end":{"line":72,"column":60}},"17":{"start":{"line":80,"column":20},"end":{"line":80,"column":57}},"18":{"start":{"line":83,"column":41},"end":{"line":83,"column":48}},"19":{"start":{"line":85,"column":29},"end":{"line":87,"column":6}},"20":{"start":{"line":89,"column":4},"end":{"line":89,"column":70}},"21":{"start":{"line":96,"column":4},"end":{"line":98,"column":5}},"22":{"start":{"line":97,"column":6},"end":{"line":97,"column":18}},"23":{"start":{"line":99,"column":4},"end":{"line":99,"column":35}},"24":{"start":{"line":103,"column":0},"end":{"line":103,"column":32}}},"fnMap":{"0":{"name":"(anonymous_1)","decl":{"start":{"line":23,"column":2},"end":{"line":23,"column":null}},"loc":{"start":{"line":23,"column":2},"end":{"line":28,"column":3}}},"1":{"name":"(anonymous_2)","decl":{"start":{"line":33,"column":2},"end":{"line":33,"column":19}},"loc":{"start":{"line":33,"column":61},"end":{"line":52,"column":3}}},"2":{"name":"(anonymous_3)","decl":{"start":{"line":57,"column":2},"end":{"line":57,"column":19}},"loc":{"start":{"line":57,"column":33},"end":{"line":63,"column":3}}},"3":{"name":"(anonymous_4)","decl":{"start":{"line":68,"column":2},"end":{"line":68,"column":20}},"loc":{"start":{"line":68,"column":34},"end":{"line":74,"column":3}}},"4":{"name":"(anonymous_5)","decl":{"start":{"line":79,"column":2},"end":{"line":79,"column":20}},"loc":{"start":{"line":79,"column":41},"end":{"line":90,"column":3}}},"5":{"name":"(anonymous_6)","decl":{"start":{"line":95,"column":2},"end":{"line":95,"column":24}},"loc":{"start":{"line":95,"column":44},"end":{"line":100,"column":3}}}},"branchMap":{"0":{"loc":{"start":{"line":24,"column":29},"end":{"line":24,"column":72}},"type":"binary-expr","locations":[{"start":{"line":24,"column":29},"end":{"line":24,"column":51}},{"start":{"line":24,"column":55},"end":{"line":24,"column":72}}]},"1":{"loc":{"start":{"line":25,"column":30},"end":{"line":25,"column":89}},"type":"binary-expr","locations":[{"start":{"line":25,"column":30},"end":{"line":25,"column":60}},{"start":{"line":25,"column":64},"end":{"line":25,"column":89}}]},"2":{"loc":{"start":{"line":26,"column":29},"end":{"line":26,"column":64}},"type":"binary-expr","locations":[{"start":{"line":26,"column":29},"end":{"line":26,"column":55}},{"start":{"line":26,"column":59},"end":{"line":26,"column":64}}]},"3":{"loc":{"start":{"line":27,"column":30},"end":{"line":27,"column":72}},"type":"binary-expr","locations":[{"start":{"line":27,"column":30},"end":{"line":27,"column":64}},{"start":{"line":27,"column":68},"end":{"line":27,"column":72}}]},"4":{"loc":{"start":{"line":96,"column":4},"end":{"line":98,"column":5}},"type":"if","locations":[{"start":{"line":96,"column":4},"end":{"line":98,"column":5}}]},"5":{"loc":{"start":{"line":96,"column":8},"end":{"line":96,"column":56}},"type":"binary-expr","locations":[{"start":{"line":96,"column":8},"end":{"line":96,"column":19}},{"start":{"line":96,"column":23},"end":{"line":96,"column":56}}]}},"s":{"0":3,"1":3,"2":3,"3":3,"4":3,"5":2,"6":2,"7":2,"8":2,"9":2,"10":2,"11":0,"12":0,"13":0,"14":1,"15":1,"16":0,"17":1,"18":1,"19":1,"20":1,"21":0,"22":0,"23":0,"24":3},"f":{"0":3,"1":2,"2":0,"3":1,"4":1,"5":0},"b":{"0":[3,0],"1":[3,3],"2":[3,0],"3":[3,3],"4":[0],"5":[0,0]}}
,"/root/betforbes-backend/src/lib/prisma.ts": {"path":"/root/betforbes-backend/src/lib/prisma.ts","statementMap":{"0":{"start":{"line":1,"column":0},"end":{"line":1,"column":46}},"1":{"start":{"line":8,"column":15},"end":{"line":10,"column":2}},"2":{"start":{"line":12,"column":0},"end":{"line":14,"column":1}},"3":{"start":{"line":13,"column":2},"end":{"line":13,"column":31}},"4":{"start":{"line":16,"column":0},"end":{"line":16,"column":22}}},"fnMap":{},"branchMap":{"0":{"loc":{"start":{"line":8,"column":15},"end":{"line":10,"column":2}},"type":"binary-expr","locations":[{"start":{"line":8,"column":15},"end":{"line":8,"column":34}},{"start":{"line":8,"column":38},"end":{"line":10,"column":2}}]},"1":{"loc":{"start":{"line":9,"column":7},"end":{"line":9,"column":86}},"type":"cond-expr","locations":[{"start":{"line":9,"column":48},"end":{"line":9,"column":74}},{"start":{"line":9,"column":77},"end":{"line":9,"column":86}}]},"2":{"loc":{"start":{"line":12,"column":0},"end":{"line":14,"column":1}},"type":"if","locations":[{"start":{"line":12,"column":0},"end":{"line":14,"column":1}}]}},"s":{"0":3,"1":3,"2":3,"3":3,"4":3},"f":{},"b":{"0":[3,3],"1":[0,3],"2":[3]}}
,"/root/betforbes-backend/src/middlewares/auth.ts": {"path":"/root/betforbes-backend/src/middlewares/auth.ts","statementMap":{"0":{"start":{"line":2,"column":0},"end":{"line":2,"column":36}},"1":{"start":{"line":3,"column":0},"end":{"line":3,"column":35}},"2":{"start":{"line":4,"column":0},"end":{"line":4,"column":37}},"3":{"start":{"line":5,"column":0},"end":{"line":5,"column":47}},"4":{"start":{"line":25,"column":33},"end":{"line":103,"column":1}},"5":{"start":{"line":30,"column":2},"end":{"line":102,"column":3}},"6":{"start":{"line":31,"column":23},"end":{"line":31,"column":48}},"7":{"start":{"line":32,"column":18},"end":{"line":32,"column":63}},"8":{"start":{"line":34,"column":4},"end":{"line":41,"column":5}},"9":{"start":{"line":35,"column":6},"end":{"line":39,"column":9}},"10":{"start":{"line":40,"column":6},"end":{"line":40,"column":13}},"11":{"start":{"line":44,"column":20},"end":{"line":44,"column":55}},"12":{"start":{"line":47,"column":17},"end":{"line":57,"column":6}},"13":{"start":{"line":59,"column":4},"end":{"line":66,"column":5}},"14":{"start":{"line":60,"column":6},"end":{"line":64,"column":9}},"15":{"start":{"line":65,"column":6},"end":{"line":65,"column":13}},"16":{"start":{"line":68,"column":4},"end":{"line":75,"column":5}},"17":{"start":{"line":69,"column":6},"end":{"line":73,"column":9}},"18":{"start":{"line":74,"column":6},"end":{"line":74,"column":13}},"19":{"start":{"line":78,"column":4},"end":{"line":85,"column":5}},"20":{"start":{"line":79,"column":6},"end":{"line":83,"column":9}},"21":{"start":{"line":84,"column":6},"end":{"line":84,"column":13}},"22":{"start":{"line":88,"column":4},"end":{"line":88,"column":20}},"23":{"start":{"line":91,"column":4},"end":{"line":91,"column":98}},"24":{"start":{"line":93,"column":4},"end":{"line":93,"column":11}},"25":{"start":{"line":95,"column":4},"end":{"line":95,"column":51}},"26":{"start":{"line":97,"column":4},"end":{"line":101,"column":7}},"27":{"start":{"line":25,"column":13},"end":{"line":25,"column":33}},"28":{"start":{"line":108,"column":28},"end":{"line":143,"column":1}},"29":{"start":{"line":113,"column":2},"end":{"line":142,"column":3}},"30":{"start":{"line":114,"column":23},"end":{"line":114,"column":48}},"31":{"start":{"line":115,"column":18},"end":{"line":115,"column":63}},"32":{"start":{"line":117,"column":4},"end":{"line":119,"column":5}},"33":{"start":{"line":118,"column":6},"end":{"line":118,"column":20}},"34":{"start":{"line":121,"column":20},"end":{"line":121,"column":55}},"35":{"start":{"line":122,"column":17},"end":{"line":132,"column":6}},"36":{"start":{"line":134,"column":4},"end":{"line":136,"column":5}},"37":{"start":{"line":135,"column":6},"end":{"line":135,"column":22}},"38":{"start":{"line":138,"column":4},"end":{"line":138,"column":11}},"39":{"start":{"line":141,"column":4},"end":{"line":141,"column":11}},"40":{"start":{"line":108,"column":13},"end":{"line":108,"column":28}},"41":{"start":{"line":148,"column":27},"end":{"line":172,"column":1}},"42":{"start":{"line":149,"column":2},"end":{"line":171,"column":4}},"43":{"start":{"line":150,"column":4},"end":{"line":157,"column":5}},"44":{"start":{"line":151,"column":6},"end":{"line":155,"column":9}},"45":{"start":{"line":156,"column":6},"end":{"line":156,"column":13}},"46":{"start":{"line":159,"column":4},"end":{"line":168,"column":5}},"47":{"start":{"line":160,"column":6},"end":{"line":160,"column":110}},"48":{"start":{"line":162,"column":6},"end":{"line":166,"column":9}},"49":{"start":{"line":167,"column":6},"end":{"line":167,"column":13}},"50":{"start":{"line":170,"column":4},"end":{"line":170,"column":11}},"51":{"start":{"line":148,"column":13},"end":{"line":148,"column":27}},"52":{"start":{"line":177,"column":36},"end":{"line":201,"column":1}},"53":{"start":{"line":182,"column":2},"end":{"line":189,"column":3}},"54":{"start":{"line":183,"column":4},"end":{"line":187,"column":7}},"55":{"start":{"line":188,"column":4},"end":{"line":188,"column":11}},"56":{"start":{"line":191,"column":2},"end":{"line":198,"column":3}},"57":{"start":{"line":192,"column":4},"end":{"line":196,"column":7}},"58":{"start":{"line":197,"column":4},"end":{"line":197,"column":11}},"59":{"start":{"line":200,"column":2},"end":{"line":200,"column":9}},"60":{"start":{"line":177,"column":13},"end":{"line":177,"column":36}},"61":{"start":{"line":206,"column":13},"end":{"line":206,"column":51}},"62":{"start":{"line":211,"column":13},"end":{"line":211,"column":68}},"63":{"start":{"line":214,"column":13},"end":{"line":214,"column":48}}},"fnMap":{"0":{"name":"(anonymous_1)","decl":{"start":{"line":25,"column":33},"end":{"line":25,"column":38}},"loc":{"start":{"line":29,"column":19},"end":{"line":103,"column":1}}},"1":{"name":"(anonymous_2)","decl":{"start":{"line":108,"column":28},"end":{"line":108,"column":33}},"loc":{"start":{"line":112,"column":4},"end":{"line":143,"column":1}}},"2":{"name":"(anonymous_3)","decl":{"start":{"line":148,"column":27},"end":{"line":148,"column":28}},"loc":{"start":{"line":148,"column":47},"end":{"line":172,"column":1}}},"3":{"name":"(anonymous_4)","decl":{"start":{"line":149,"column":9},"end":{"line":149,"column":10}},"loc":{"start":{"line":149,"column":67},"end":{"line":171,"column":3}}},"4":{"name":"(anonymous_5)","decl":{"start":{"line":177,"column":36},"end":{"line":177,"column":null}},"loc":{"start":{"line":181,"column":10},"end":{"line":201,"column":1}}}},"branchMap":{"0":{"loc":{"start":{"line":34,"column":4},"end":{"line":41,"column":5}},"type":"if","locations":[{"start":{"line":34,"column":4},"end":{"line":41,"column":5}}]},"1":{"loc":{"start":{"line":59,"column":4},"end":{"line":66,"column":5}},"type":"if","locations":[{"start":{"line":59,"column":4},"end":{"line":66,"column":5}}]},"2":{"loc":{"start":{"line":68,"column":4},"end":{"line":75,"column":5}},"type":"if","locations":[{"start":{"line":68,"column":4},"end":{"line":75,"column":5}}]},"3":{"loc":{"start":{"line":78,"column":4},"end":{"line":85,"column":5}},"type":"if","locations":[{"start":{"line":78,"column":4},"end":{"line":85,"column":5}}]},"4":{"loc":{"start":{"line":78,"column":8},"end":{"line":78,"column":105}},"type":"binary-expr","locations":[{"start":{"line":78,"column":8},"end":{"line":78,"column":24}},{"start":{"line":78,"column":28},"end":{"line":78,"column":61}},{"start":{"line":78,"column":65},"end":{"line":78,"column":105}}]},"5":{"loc":{"start":{"line":117,"column":4},"end":{"line":119,"column":5}},"type":"if","locations":[{"start":{"line":117,"column":4},"end":{"line":119,"column":5}}]},"6":{"loc":{"start":{"line":134,"column":4},"end":{"line":136,"column":5}},"type":"if","locations":[{"start":{"line":134,"column":4},"end":{"line":136,"column":5}}]},"7":{"loc":{"start":{"line":134,"column":8},"end":{"line":134,"column":29}},"type":"binary-expr","locations":[{"start":{"line":134,"column":8},"end":{"line":134,"column":12}},{"start":{"line":134,"column":16},"end":{"line":134,"column":29}}]},"8":{"loc":{"start":{"line":150,"column":4},"end":{"line":157,"column":5}},"type":"if","locations":[{"start":{"line":150,"column":4},"end":{"line":157,"column":5}}]},"9":{"loc":{"start":{"line":159,"column":4},"end":{"line":168,"column":5}},"type":"if","locations":[{"start":{"line":159,"column":4},"end":{"line":168,"column":5}}]},"10":{"loc":{"start":{"line":182,"column":2},"end":{"line":189,"column":3}},"type":"if","locations":[{"start":{"line":182,"column":2},"end":{"line":189,"column":3}}]},"11":{"loc":{"start":{"line":191,"column":2},"end":{"line":198,"column":3}},"type":"if","locations":[{"start":{"line":191,"column":2},"end":{"line":198,"column":3}}]}},"s":{"0":3,"1":3,"2":3,"3":3,"4":3,"5":0,"6":0,"7":0,"8":0,"9":0,"10":0,"11":0,"12":0,"13":0,"14":0,"15":0,"16":0,"17":0,"18":0,"19":0,"20":0,"21":0,"22":0,"23":0,"24":0,"25":0,"26":0,"27":3,"28":3,"29":0,"30":0,"31":0,"32":0,"33":0,"34":0,"35":0,"36":0,"37":0,"38":0,"39":0,"40":3,"41":3,"42":6,"43":0,"44":0,"45":0,"46":0,"47":0,"48":0,"49":0,"50":0,"51":3,"52":3,"53":0,"54":0,"55":0,"56":0,"57":0,"58":0,"59":0,"60":3,"61":3,"62":3,"63":3},"f":{"0":0,"1":0,"2":6,"3":0,"4":0},"b":{"0":[0],"1":[0],"2":[0],"3":[0],"4":[0,0,0],"5":[0],"6":[0],"7":[0,0],"8":[0],"9":[0],"10":[0],"11":[0]}}
,"/root/betforbes-backend/src/middlewares/errorHandler.ts": {"path":"/root/betforbes-backend/src/middlewares/errorHandler.ts","statementMap":{"0":{"start":{"line":2,"column":0},"end":{"line":2,"column":37}},"1":{"start":{"line":3,"column":0},"end":{"line":3,"column":47}},"2":{"start":{"line":14,"column":28},"end":{"line":93,"column":1}},"3":{"start":{"line":21,"column":2},"end":{"line":29,"column":5}},"4":{"start":{"line":32,"column":19},"end":{"line":32,"column":42}},"5":{"start":{"line":33,"column":16},"end":{"line":33,"column":59}},"6":{"start":{"line":34,"column":13},"end":{"line":34,"column":43}},"7":{"start":{"line":37,"column":2},"end":{"line":41,"column":3}},"8":{"start":{"line":38,"column":4},"end":{"line":38,"column":21}},"9":{"start":{"line":39,"column":4},"end":{"line":39,"column":32}},"10":{"start":{"line":40,"column":4},"end":{"line":40,"column":30}},"11":{"start":{"line":43,"column":2},"end":{"line":47,"column":3}},"12":{"start":{"line":44,"column":4},"end":{"line":44,"column":21}},"13":{"start":{"line":45,"column":4},"end":{"line":45,"column":31}},"14":{"start":{"line":46,"column":4},"end":{"line":46,"column":26}},"15":{"start":{"line":49,"column":2},"end":{"line":53,"column":3}},"16":{"start":{"line":50,"column":4},"end":{"line":50,"column":21}},"17":{"start":{"line":51,"column":4},"end":{"line":51,"column":31}},"18":{"start":{"line":52,"column":4},"end":{"line":52,"column":27}},"19":{"start":{"line":55,"column":2},"end":{"line":59,"column":3}},"20":{"start":{"line":56,"column":4},"end":{"line":56,"column":21}},"21":{"start":{"line":57,"column":4},"end":{"line":57,"column":31}},"22":{"start":{"line":58,"column":4},"end":{"line":58,"column":27}},"23":{"start":{"line":62,"column":2},"end":{"line":76,"column":3}},"24":{"start":{"line":63,"column":24},"end":{"line":63,"column":36}},"25":{"start":{"line":65,"column":4},"end":{"line":69,"column":5}},"26":{"start":{"line":66,"column":6},"end":{"line":66,"column":23}},"27":{"start":{"line":67,"column":6},"end":{"line":67,"column":35}},"28":{"start":{"line":68,"column":6},"end":{"line":68,"column":31}},"29":{"start":{"line":71,"column":4},"end":{"line":75,"column":5}},"30":{"start":{"line":72,"column":6},"end":{"line":72,"column":23}},"31":{"start":{"line":73,"column":6},"end":{"line":73,"column":42}},"32":{"start":{"line":74,"column":6},"end":{"line":74,"column":25}},"33":{"start":{"line":79,"column":24},"end":{"line":84,"column":4}},"34":{"start":{"line":87,"column":2},"end":{"line":90,"column":3}},"35":{"start":{"line":88,"column":4},"end":{"line":88,"column":33}},"36":{"start":{"line":89,"column":4},"end":{"line":89,"column":37}},"37":{"start":{"line":92,"column":2},"end":{"line":92,"column":40}},"38":{"start":{"line":14,"column":13},"end":{"line":14,"column":28}},"39":{"start":{"line":98,"column":31},"end":{"line":108,"column":1}},"40":{"start":{"line":103,"column":26},"end":{"line":103,"column":78}},"41":{"start":{"line":104,"column":2},"end":{"line":104,"column":25}},"42":{"start":{"line":105,"column":2},"end":{"line":105,"column":33}},"43":{"start":{"line":107,"column":2},"end":{"line":107,"column":14}},"44":{"start":{"line":98,"column":13},"end":{"line":98,"column":31}},"45":{"start":{"line":113,"column":28},"end":{"line":117,"column":1}},"46":{"start":{"line":114,"column":2},"end":{"line":116,"column":4}},"47":{"start":{"line":115,"column":4},"end":{"line":115,"column":52}},"48":{"start":{"line":113,"column":13},"end":{"line":113,"column":28}},"49":{"start":{"line":122,"column":27},"end":{"line":133,"column":1}},"50":{"start":{"line":128,"column":26},"end":{"line":128,"column":44}},"51":{"start":{"line":129,"column":2},"end":{"line":129,"column":32}},"52":{"start":{"line":130,"column":2},"end":{"line":130,"column":30}},"53":{"start":{"line":130,"column":12},"end":{"line":130,"column":30}},"54":{"start":{"line":131,"column":2},"end":{"line":131,"column":26}},"55":{"start":{"line":132,"column":2},"end":{"line":132,"column":15}},"56":{"start":{"line":122,"column":13},"end":{"line":122,"column":27}}},"fnMap":{"0":{"name":"(anonymous_1)","decl":{"start":{"line":14,"column":28},"end":{"line":14,"column":null}},"loc":{"start":{"line":19,"column":4},"end":{"line":93,"column":1}}},"1":{"name":"(anonymous_2)","decl":{"start":{"line":98,"column":31},"end":{"line":98,"column":null}},"loc":{"start":{"line":102,"column":4},"end":{"line":108,"column":1}}},"2":{"name":"(anonymous_3)","decl":{"start":{"line":113,"column":28},"end":{"line":113,"column":29}},"loc":{"start":{"line":113,"column":45},"end":{"line":117,"column":1}}},"3":{"name":"(anonymous_4)","decl":{"start":{"line":114,"column":9},"end":{"line":114,"column":10}},"loc":{"start":{"line":114,"column":61},"end":{"line":116,"column":3}}},"4":{"name":"(anonymous_5)","decl":{"start":{"line":122,"column":27},"end":{"line":122,"column":null}},"loc":{"start":{"line":127,"column":14},"end":{"line":133,"column":1}}}},"branchMap":{"0":{"loc":{"start":{"line":28,"column":10},"end":{"line":28,"column":46}},"type":"binary-expr","locations":[{"start":{"line":28,"column":10},"end":{"line":28,"column":25}},{"start":{"line":28,"column":29},"end":{"line":28,"column":46}}]},"1":{"loc":{"start":{"line":32,"column":19},"end":{"line":32,"column":42}},"type":"binary-expr","locations":[{"start":{"line":32,"column":19},"end":{"line":32,"column":35}},{"start":{"line":32,"column":39},"end":{"line":32,"column":42}}]},"2":{"loc":{"start":{"line":33,"column":16},"end":{"line":33,"column":59}},"type":"binary-expr","locations":[{"start":{"line":33,"column":16},"end":{"line":33,"column":29}},{"start":{"line":33,"column":33},"end":{"line":33,"column":59}}]},"3":{"loc":{"start":{"line":34,"column":13},"end":{"line":34,"column":43}},"type":"binary-expr","locations":[{"start":{"line":34,"column":13},"end":{"line":34,"column":23}},{"start":{"line":34,"column":27},"end":{"line":34,"column":43}}]},"4":{"loc":{"start":{"line":37,"column":2},"end":{"line":41,"column":3}},"type":"if","locations":[{"start":{"line":37,"column":2},"end":{"line":41,"column":3}}]},"5":{"loc":{"start":{"line":43,"column":2},"end":{"line":47,"column":3}},"type":"if","locations":[{"start":{"line":43,"column":2},"end":{"line":47,"column":3}}]},"6":{"loc":{"start":{"line":49,"column":2},"end":{"line":53,"column":3}},"type":"if","locations":[{"start":{"line":49,"column":2},"end":{"line":53,"column":3}}]},"7":{"loc":{"start":{"line":55,"column":2},"end":{"line":59,"column":3}},"type":"if","locations":[{"start":{"line":55,"column":2},"end":{"line":59,"column":3}}]},"8":{"loc":{"start":{"line":62,"column":2},"end":{"line":76,"column":3}},"type":"if","locations":[{"start":{"line":62,"column":2},"end":{"line":76,"column":3}}]},"9":{"loc":{"start":{"line":65,"column":4},"end":{"line":69,"column":5}},"type":"if","locations":[{"start":{"line":65,"column":4},"end":{"line":69,"column":5}}]},"10":{"loc":{"start":{"line":71,"column":4},"end":{"line":75,"column":5}},"type":"if","locations":[{"start":{"line":71,"column":4},"end":{"line":75,"column":5}}]},"11":{"loc":{"start":{"line":87,"column":2},"end":{"line":90,"column":3}},"type":"if","locations":[{"start":{"line":87,"column":2},"end":{"line":90,"column":3}}]},"12":{"loc":{"start":{"line":124,"column":2},"end":{"line":124,"column":26}},"type":"default-arg","locations":[{"start":{"line":124,"column":23},"end":{"line":124,"column":26}}]},"13":{"loc":{"start":{"line":130,"column":2},"end":{"line":130,"column":30}},"type":"if","locations":[{"start":{"line":130,"column":2},"end":{"line":130,"column":30}}]}},"s":{"0":3,"1":3,"2":3,"3":4,"4":4,"5":4,"6":4,"7":4,"8":0,"9":0,"10":0,"11":4,"12":0,"13":0,"14":0,"15":4,"16":0,"17":0,"18":0,"19":4,"20":0,"21":0,"22":0,"23":4,"24":0,"25":0,"26":0,"27":0,"28":0,"29":0,"30":0,"31":0,"32":0,"33":4,"34":4,"35":0,"36":0,"37":4,"38":3,"39":3,"40":0,"41":0,"42":0,"43":0,"44":3,"45":3,"46":39,"47":19,"48":3,"49":3,"50":4,"51":4,"52":4,"53":4,"54":4,"55":4,"56":3},"f":{"0":4,"1":0,"2":39,"3":19,"4":4},"b":{"0":[4,4],"1":[4,0],"2":[4,0],"3":[4,0],"4":[0],"5":[0],"6":[0],"7":[0],"8":[0],"9":[0],"10":[0],"11":[0],"12":[0],"13":[4]}}
,"/root/betforbes-backend/src/middlewares/rateLimiter.ts": {"path":"/root/betforbes-backend/src/middlewares/rateLimiter.ts","statementMap":{"0":{"start":{"line":1,"column":0},"end":{"line":1,"column":56}},"1":{"start":{"line":3,"column":0},"end":{"line":3,"column":37}},"2":{"start":{"line":4,"column":0},"end":{"line":4,"column":47}},"3":{"start":{"line":9,"column":13},"end":{"line":30,"column":3}},"4":{"start":{"line":19,"column":34},"end":{"line":19,"column":50}},"5":{"start":{"line":21,"column":15},"end":{"line":21,"column":31}},"6":{"start":{"line":22,"column":4},"end":{"line":22,"column":57}},"7":{"start":{"line":24,"column":4},"end":{"line":28,"column":7}},"8":{"start":{"line":35,"column":13},"end":{"line":57,"column":3}},"9":{"start":{"line":46,"column":34},"end":{"line":46,"column":50}},"10":{"start":{"line":48,"column":15},"end":{"line":48,"column":31}},"11":{"start":{"line":49,"column":4},"end":{"line":49,"column":73}},"12":{"start":{"line":51,"column":4},"end":{"line":55,"column":7}},"13":{"start":{"line":62,"column":13},"end":{"line":83,"column":3}},"14":{"start":{"line":72,"column":34},"end":{"line":72,"column":50}},"15":{"start":{"line":74,"column":15},"end":{"line":74,"column":31}},"16":{"start":{"line":75,"column":4},"end":{"line":75,"column":81}},"17":{"start":{"line":77,"column":4},"end":{"line":81,"column":7}},"18":{"start":{"line":88,"column":13},"end":{"line":109,"column":3}},"19":{"start":{"line":98,"column":34},"end":{"line":98,"column":50}},"20":{"start":{"line":100,"column":15},"end":{"line":100,"column":31}},"21":{"start":{"line":101,"column":4},"end":{"line":101,"column":81}},"22":{"start":{"line":103,"column":4},"end":{"line":107,"column":7}},"23":{"start":{"line":112,"column":13},"end":{"line":112,"column":42}}},"fnMap":{"0":{"name":"(anonymous_1)","decl":{"start":{"line":19,"column":16},"end":{"line":19,"column":17}},"loc":{"start":{"line":19,"column":34},"end":{"line":19,"column":50}}},"1":{"name":"(anonymous_2)","decl":{"start":{"line":20,"column":11},"end":{"line":20,"column":12}},"loc":{"start":{"line":20,"column":43},"end":{"line":29,"column":3}}},"2":{"name":"(anonymous_3)","decl":{"start":{"line":46,"column":16},"end":{"line":46,"column":17}},"loc":{"start":{"line":46,"column":34},"end":{"line":46,"column":50}}},"3":{"name":"(anonymous_4)","decl":{"start":{"line":47,"column":11},"end":{"line":47,"column":12}},"loc":{"start":{"line":47,"column":43},"end":{"line":56,"column":3}}},"4":{"name":"(anonymous_5)","decl":{"start":{"line":72,"column":16},"end":{"line":72,"column":17}},"loc":{"start":{"line":72,"column":34},"end":{"line":72,"column":50}}},"5":{"name":"(anonymous_6)","decl":{"start":{"line":73,"column":11},"end":{"line":73,"column":12}},"loc":{"start":{"line":73,"column":43},"end":{"line":82,"column":3}}},"6":{"name":"(anonymous_7)","decl":{"start":{"line":98,"column":16},"end":{"line":98,"column":17}},"loc":{"start":{"line":98,"column":34},"end":{"line":98,"column":50}}},"7":{"name":"(anonymous_8)","decl":{"start":{"line":99,"column":11},"end":{"line":99,"column":12}},"loc":{"start":{"line":99,"column":43},"end":{"line":108,"column":3}}}},"branchMap":{"0":{"loc":{"start":{"line":10,"column":21},"end":{"line":10,"column":65}},"type":"binary-expr","locations":[{"start":{"line":10,"column":21},"end":{"line":10,"column":53}},{"start":{"line":10,"column":57},"end":{"line":10,"column":65}}]},"1":{"loc":{"start":{"line":11,"column":16},"end":{"line":11,"column":60}},"type":"binary-expr","locations":[{"start":{"line":11,"column":16},"end":{"line":11,"column":51}},{"start":{"line":11,"column":55},"end":{"line":11,"column":60}}]}},"s":{"0":3,"1":3,"2":3,"3":3,"4":19,"5":0,"6":0,"7":0,"8":3,"9":0,"10":0,"11":0,"12":0,"13":3,"14":0,"15":0,"16":0,"17":0,"18":3,"19":0,"20":0,"21":0,"22":0,"23":3},"f":{"0":19,"1":0,"2":0,"3":0,"4":0,"5":0,"6":0,"7":0},"b":{"0":[3,3],"1":[3,3]}}
,"/root/betforbes-backend/src/modules/affiliates/affiliate.controller.ts": {"path":"/root/betforbes-backend/src/modules/affiliates/affiliate.controller.ts","statementMap":{"0":{"start":{"line":2,"column":0},"end":{"line":2,"column":62}},"1":{"start":{"line":3,"column":0},"end":{"line":3,"column":51}},"2":{"start":{"line":7,"column":20},"end":{"line":15,"column":4}},"3":{"start":{"line":8,"column":19},"end":{"line":8,"column":31}},"4":{"start":{"line":9,"column":19},"end":{"line":9,"column":65}},"5":{"start":{"line":10,"column":4},"end":{"line":14,"column":7}},"6":{"start":{"line":18,"column":22},"end":{"line":26,"column":4}},"7":{"start":{"line":19,"column":19},"end":{"line":19,"column":31}},"8":{"start":{"line":20,"column":18},"end":{"line":20,"column":66}},"9":{"start":{"line":21,"column":4},"end":{"line":25,"column":7}},"10":{"start":{"line":29,"column":17},"end":{"line":43,"column":4}},"11":{"start":{"line":30,"column":19},"end":{"line":30,"column":31}},"12":{"start":{"line":31,"column":17},"end":{"line":31,"column":64}},"13":{"start":{"line":32,"column":18},"end":{"line":32,"column":67}},"14":{"start":{"line":33,"column":33},"end":{"line":36,"column":null}},"15":{"start":{"line":38,"column":4},"end":{"line":42,"column":7}},"16":{"start":{"line":46,"column":0},"end":{"line":46,"column":41}}},"fnMap":{"0":{"name":"(anonymous_1)","decl":{"start":{"line":7,"column":33},"end":{"line":7,"column":38}},"loc":{"start":{"line":7,"column":71},"end":{"line":15,"column":3}}},"1":{"name":"(anonymous_2)","decl":{"start":{"line":18,"column":35},"end":{"line":18,"column":40}},"loc":{"start":{"line":18,"column":73},"end":{"line":26,"column":3}}},"2":{"name":"(anonymous_3)","decl":{"start":{"line":29,"column":30},"end":{"line":29,"column":35}},"loc":{"start":{"line":29,"column":68},"end":{"line":43,"column":3}}}},"branchMap":{"0":{"loc":{"start":{"line":31,"column":27},"end":{"line":31,"column":59}},"type":"binary-expr","locations":[{"start":{"line":31,"column":27},"end":{"line":31,"column":52}},{"start":{"line":31,"column":56},"end":{"line":31,"column":59}}]},"1":{"loc":{"start":{"line":32,"column":28},"end":{"line":32,"column":62}},"type":"binary-expr","locations":[{"start":{"line":32,"column":28},"end":{"line":32,"column":54}},{"start":{"line":32,"column":58},"end":{"line":32,"column":62}}]}},"s":{"0":3,"1":3,"2":3,"3":0,"4":0,"5":0,"6":3,"7":0,"8":0,"9":0,"10":3,"11":0,"12":0,"13":0,"14":0,"15":0,"16":3},"f":{"0":0,"1":0,"2":0},"b":{"0":[0,0],"1":[0,0]}}
,"/root/betforbes-backend/src/modules/affiliates/affiliate.routes.ts": {"path":"/root/betforbes-backend/src/modules/affiliates/affiliate.routes.ts","statementMap":{"0":{"start":{"line":1,"column":0},"end":{"line":1,"column":33}},"1":{"start":{"line":2,"column":0},"end":{"line":2,"column":57}},"2":{"start":{"line":3,"column":0},"end":{"line":3,"column":56}},"3":{"start":{"line":5,"column":15},"end":{"line":5,"column":23}},"4":{"start":{"line":128,"column":0},"end":{"line":128,"column":73}},"5":{"start":{"line":154,"column":0},"end":{"line":154,"column":76}},"6":{"start":{"line":204,"column":0},"end":{"line":204,"column":75}},"7":{"start":{"line":206,"column":0},"end":{"line":206,"column":22}}},"fnMap":{},"branchMap":{},"s":{"0":3,"1":3,"2":3,"3":3,"4":3,"5":3,"6":3,"7":3},"f":{},"b":{}}
,"/root/betforbes-backend/src/modules/affiliates/affiliate.service.ts": {"path":"/root/betforbes-backend/src/modules/affiliates/affiliate.service.ts","statementMap":{"0":{"start":{"line":1,"column":0},"end":{"line":1,"column":38}},"1":{"start":{"line":2,"column":0},"end":{"line":2,"column":61}},"2":{"start":{"line":24,"column":17},"end":{"line":27,"column":6}},"3":{"start":{"line":29,"column":4},"end":{"line":31,"column":5}},"4":{"start":{"line":30,"column":6},"end":{"line":30,"column":112}},"5":{"start":{"line":33,"column":20},"end":{"line":33,"column":75}},"6":{"start":{"line":34,"column":25},"end":{"line":34,"column":71}},"7":{"start":{"line":36,"column":4},"end":{"line":39,"column":6}},"8":{"start":{"line":46,"column":17},"end":{"line":49,"column":6}},"9":{"start":{"line":51,"column":4},"end":{"line":53,"column":5}},"10":{"start":{"line":52,"column":6},"end":{"line":52,"column":73}},"11":{"start":{"line":56,"column":27},"end":{"line":58,"column":6}},"12":{"start":{"line":61,"column":28},"end":{"line":66,"column":6}},"13":{"start":{"line":69,"column":32},"end":{"line":69,"column":34}},"14":{"start":{"line":70,"column":26},"end":{"line":70,"column":63}},"15":{"start":{"line":72,"column":20},"end":{"line":72,"column":75}},"16":{"start":{"line":73,"column":25},"end":{"line":73,"column":71}},"17":{"start":{"line":75,"column":4},"end":{"line":80,"column":6}},"18":{"start":{"line":92,"column":19},"end":{"line":92,"column":37}},"19":{"start":{"line":94,"column":31},"end":{"line":111,"column":6}},"20":{"start":{"line":113,"column":23},"end":{"line":113,"column":47}},"21":{"start":{"line":115,"column":4},"end":{"line":120,"column":6}},"22":{"start":{"line":124,"column":0},"end":{"line":124,"column":38}}},"fnMap":{"0":{"name":"(anonymous_1)","decl":{"start":{"line":23,"column":2},"end":{"line":23,"column":7}},"loc":{"start":{"line":23,"column":38},"end":{"line":40,"column":3}}},"1":{"name":"(anonymous_2)","decl":{"start":{"line":45,"column":2},"end":{"line":45,"column":7}},"loc":{"start":{"line":45,"column":40},"end":{"line":81,"column":3}}},"2":{"name":"(anonymous_3)","decl":{"start":{"line":86,"column":2},"end":{"line":86,"column":7}},"loc":{"start":{"line":86,"column":73},"end":{"line":121,"column":3}}}},"branchMap":{"0":{"loc":{"start":{"line":29,"column":4},"end":{"line":31,"column":5}},"type":"if","locations":[{"start":{"line":29,"column":4},"end":{"line":31,"column":5}}]},"1":{"loc":{"start":{"line":29,"column":8},"end":{"line":29,"column":35}},"type":"binary-expr","locations":[{"start":{"line":29,"column":8},"end":{"line":29,"column":13}},{"start":{"line":29,"column":17},"end":{"line":29,"column":35}}]},"2":{"loc":{"start":{"line":33,"column":20},"end":{"line":33,"column":75}},"type":"binary-expr","locations":[{"start":{"line":33,"column":20},"end":{"line":33,"column":44}},{"start":{"line":33,"column":48},"end":{"line":33,"column":75}}]},"3":{"loc":{"start":{"line":51,"column":4},"end":{"line":53,"column":5}},"type":"if","locations":[{"start":{"line":51,"column":4},"end":{"line":53,"column":5}}]},"4":{"loc":{"start":{"line":51,"column":8},"end":{"line":51,"column":35}},"type":"binary-expr","locations":[{"start":{"line":51,"column":8},"end":{"line":51,"column":13}},{"start":{"line":51,"column":17},"end":{"line":51,"column":35}}]},"5":{"loc":{"start":{"line":72,"column":20},"end":{"line":72,"column":75}},"type":"binary-expr","locations":[{"start":{"line":72,"column":20},"end":{"line":72,"column":44}},{"start":{"line":72,"column":48},"end":{"line":72,"column":75}}]},"6":{"loc":{"start":{"line":86,"column":37},"end":{"line":86,"column":53}},"type":"default-arg","locations":[{"start":{"line":86,"column":52},"end":{"line":86,"column":53}}]},"7":{"loc":{"start":{"line":86,"column":55},"end":{"line":86,"column":73}},"type":"default-arg","locations":[{"start":{"line":86,"column":71},"end":{"line":86,"column":73}}]}},"s":{"0":3,"1":3,"2":0,"3":0,"4":0,"5":0,"6":0,"7":0,"8":0,"9":0,"10":0,"11":0,"12":0,"13":0,"14":0,"15":0,"16":0,"17":0,"18":0,"19":0,"20":0,"21":0,"22":3},"f":{"0":0,"1":0,"2":0},"b":{"0":[0],"1":[0,0],"2":[0,0],"3":[0],"4":[0,0],"5":[0,0],"6":[0],"7":[0]}}
,"/root/betforbes-backend/src/modules/auth/auth.controller.ts": {"path":"/root/betforbes-backend/src/modules/auth/auth.controller.ts","statementMap":{"0":{"start":{"line":2,"column":0},"end":{"line":2,"column":52}},"1":{"start":{"line":3,"column":0},"end":{"line":3,"column":41}},"2":{"start":{"line":4,"column":0},"end":{"line":4,"column":62}},"3":{"start":{"line":5,"column":0},"end":{"line":5,"column":40}},"4":{"start":{"line":6,"column":0},"end":{"line":6,"column":50}},"5":{"start":{"line":7,"column":0},"end":{"line":7,"column":null}},"6":{"start":{"line":18,"column":15},"end":{"line":18,"column":23}},"7":{"start":{"line":20,"column":0},"end":{"line":45,"column":2}},"8":{"start":{"line":25,"column":4},"end":{"line":25,"column":49}},"9":{"start":{"line":27,"column":28},"end":{"line":27,"column":84}},"10":{"start":{"line":28,"column":4},"end":{"line":31,"column":5}},"11":{"start":{"line":29,"column":18},"end":{"line":29,"column":60}},"12":{"start":{"line":29,"column":40},"end":{"line":29,"column":49}},"13":{"start":{"line":30,"column":6},"end":{"line":30,"column":68}},"14":{"start":{"line":33,"column":52},"end":{"line":33,"column":60}},"15":{"start":{"line":34,"column":4},"end":{"line":34,"column":77}},"16":{"start":{"line":36,"column":32},"end":{"line":36,"column":99}},"17":{"start":{"line":38,"column":4},"end":{"line":38,"column":76}},"18":{"start":{"line":39,"column":4},"end":{"line":43,"column":7}},"19":{"start":{"line":47,"column":0},"end":{"line":64,"column":2}},"20":{"start":{"line":50,"column":28},"end":{"line":50,"column":81}},"21":{"start":{"line":51,"column":4},"end":{"line":54,"column":5}},"22":{"start":{"line":52,"column":18},"end":{"line":52,"column":60}},"23":{"start":{"line":52,"column":40},"end":{"line":52,"column":49}},"24":{"start":{"line":53,"column":6},"end":{"line":53,"column":68}},"25":{"start":{"line":56,"column":32},"end":{"line":56,"column":40}},"26":{"start":{"line":57,"column":4},"end":{"line":57,"column":77}},"27":{"start":{"line":59,"column":29},"end":{"line":59,"column":73}},"28":{"start":{"line":61,"column":4},"end":{"line":61,"column":74}},"29":{"start":{"line":62,"column":4},"end":{"line":62,"column":103}},"30":{"start":{"line":66,"column":0},"end":{"line":79,"column":2}},"31":{"start":{"line":69,"column":18},"end":{"line":69,"column":47}},"32":{"start":{"line":70,"column":4},"end":{"line":72,"column":5}},"33":{"start":{"line":71,"column":6},"end":{"line":71,"column":101}},"34":{"start":{"line":74,"column":4},"end":{"line":74,"column":86}},"35":{"start":{"line":75,"column":21},"end":{"line":75,"column":57}},"36":{"start":{"line":76,"column":4},"end":{"line":76,"column":79}},"37":{"start":{"line":77,"column":4},"end":{"line":77,"column":97}},"38":{"start":{"line":81,"column":0},"end":{"line":99,"column":2}},"39":{"start":{"line":84,"column":28},"end":{"line":84,"column":94}},"40":{"start":{"line":85,"column":4},"end":{"line":88,"column":5}},"41":{"start":{"line":86,"column":18},"end":{"line":86,"column":60}},"42":{"start":{"line":86,"column":40},"end":{"line":86,"column":49}},"43":{"start":{"line":87,"column":6},"end":{"line":87,"column":68}},"44":{"start":{"line":90,"column":22},"end":{"line":90,"column":30}},"45":{"start":{"line":91,"column":4},"end":{"line":91,"column":81}},"46":{"start":{"line":92,"column":26},"end":{"line":92,"column":69}},"47":{"start":{"line":93,"column":4},"end":{"line":97,"column":7}},"48":{"start":{"line":101,"column":0},"end":{"line":119,"column":2}},"49":{"start":{"line":104,"column":28},"end":{"line":104,"column":90}},"50":{"start":{"line":105,"column":4},"end":{"line":108,"column":5}},"51":{"start":{"line":106,"column":18},"end":{"line":106,"column":60}},"52":{"start":{"line":106,"column":40},"end":{"line":106,"column":49}},"53":{"start":{"line":107,"column":6},"end":{"line":107,"column":68}},"54":{"start":{"line":110,"column":22},"end":{"line":110,"column":30}},"55":{"start":{"line":111,"column":4},"end":{"line":111,"column":90}},"56":{"start":{"line":112,"column":26},"end":{"line":112,"column":65}},"57":{"start":{"line":113,"column":4},"end":{"line":117,"column":7}},"58":{"start":{"line":121,"column":0},"end":{"line":136,"column":2}},"59":{"start":{"line":124,"column":28},"end":{"line":124,"column":89}},"60":{"start":{"line":125,"column":4},"end":{"line":128,"column":5}},"61":{"start":{"line":126,"column":18},"end":{"line":126,"column":60}},"62":{"start":{"line":126,"column":40},"end":{"line":126,"column":49}},"63":{"start":{"line":127,"column":6},"end":{"line":127,"column":68}},"64":{"start":{"line":130,"column":32},"end":{"line":130,"column":40}},"65":{"start":{"line":131,"column":4},"end":{"line":131,"column":79}},"66":{"start":{"line":132,"column":4},"end":{"line":132,"column":53}},"67":{"start":{"line":133,"column":4},"end":{"line":133,"column":64}},"68":{"start":{"line":134,"column":4},"end":{"line":134,"column":103}},"69":{"start":{"line":138,"column":0},"end":{"line":152,"column":2}},"70":{"start":{"line":141,"column":28},"end":{"line":141,"column":88}},"71":{"start":{"line":142,"column":4},"end":{"line":145,"column":5}},"72":{"start":{"line":143,"column":18},"end":{"line":143,"column":60}},"73":{"start":{"line":143,"column":40},"end":{"line":143,"column":49}},"74":{"start":{"line":144,"column":6},"end":{"line":144,"column":68}},"75":{"start":{"line":147,"column":29},"end":{"line":147,"column":37}},"76":{"start":{"line":148,"column":4},"end":{"line":148,"column":64}},"77":{"start":{"line":149,"column":28},"end":{"line":149,"column":72}},"78":{"start":{"line":150,"column":4},"end":{"line":150,"column":101}},"79":{"start":{"line":154,"column":0},"end":{"line":168,"column":2}},"80":{"start":{"line":157,"column":28},"end":{"line":157,"column":82}},"81":{"start":{"line":158,"column":4},"end":{"line":161,"column":5}},"82":{"start":{"line":159,"column":18},"end":{"line":159,"column":60}},"83":{"start":{"line":159,"column":40},"end":{"line":159,"column":49}},"84":{"start":{"line":160,"column":6},"end":{"line":160,"column":68}},"85":{"start":{"line":163,"column":29},"end":{"line":163,"column":37}},"86":{"start":{"line":164,"column":4},"end":{"line":164,"column":66}},"87":{"start":{"line":165,"column":4},"end":{"line":165,"column":43}},"88":{"start":{"line":166,"column":4},"end":{"line":166,"column":80}},"89":{"start":{"line":170,"column":0},"end":{"line":176,"column":2}},"90":{"start":{"line":173,"column":18},"end":{"line":173,"column":34}},"91":{"start":{"line":174,"column":4},"end":{"line":174,"column":80}},"92":{"start":{"line":178,"column":0},"end":{"line":184,"column":2}},"93":{"start":{"line":181,"column":18},"end":{"line":181,"column":34}},"94":{"start":{"line":182,"column":4},"end":{"line":182,"column":93}},"95":{"start":{"line":186,"column":0},"end":{"line":186,"column":22}}},"fnMap":{"0":{"name":"(anonymous_1)","decl":{"start":{"line":22,"column":15},"end":{"line":22,"column":20}},"loc":{"start":{"line":22,"column":53},"end":{"line":44,"column":3}}},"1":{"name":"(anonymous_2)","decl":{"start":{"line":29,"column":35},"end":{"line":29,"column":36}},"loc":{"start":{"line":29,"column":40},"end":{"line":29,"column":49}}},"2":{"name":"(anonymous_3)","decl":{"start":{"line":49,"column":15},"end":{"line":49,"column":20}},"loc":{"start":{"line":49,"column":53},"end":{"line":63,"column":3}}},"3":{"name":"(anonymous_4)","decl":{"start":{"line":52,"column":35},"end":{"line":52,"column":36}},"loc":{"start":{"line":52,"column":40},"end":{"line":52,"column":49}}},"4":{"name":"(anonymous_5)","decl":{"start":{"line":68,"column":15},"end":{"line":68,"column":20}},"loc":{"start":{"line":68,"column":53},"end":{"line":78,"column":3}}},"5":{"name":"(anonymous_6)","decl":{"start":{"line":83,"column":15},"end":{"line":83,"column":20}},"loc":{"start":{"line":83,"column":53},"end":{"line":98,"column":3}}},"6":{"name":"(anonymous_7)","decl":{"start":{"line":86,"column":35},"end":{"line":86,"column":36}},"loc":{"start":{"line":86,"column":40},"end":{"line":86,"column":49}}},"7":{"name":"(anonymous_8)","decl":{"start":{"line":103,"column":15},"end":{"line":103,"column":20}},"loc":{"start":{"line":103,"column":53},"end":{"line":118,"column":3}}},"8":{"name":"(anonymous_9)","decl":{"start":{"line":106,"column":35},"end":{"line":106,"column":36}},"loc":{"start":{"line":106,"column":40},"end":{"line":106,"column":49}}},"9":{"name":"(anonymous_10)","decl":{"start":{"line":123,"column":15},"end":{"line":123,"column":20}},"loc":{"start":{"line":123,"column":53},"end":{"line":135,"column":3}}},"10":{"name":"(anonymous_11)","decl":{"start":{"line":126,"column":35},"end":{"line":126,"column":36}},"loc":{"start":{"line":126,"column":40},"end":{"line":126,"column":49}}},"11":{"name":"(anonymous_12)","decl":{"start":{"line":140,"column":15},"end":{"line":140,"column":20}},"loc":{"start":{"line":140,"column":53},"end":{"line":151,"column":3}}},"12":{"name":"(anonymous_13)","decl":{"start":{"line":143,"column":35},"end":{"line":143,"column":36}},"loc":{"start":{"line":143,"column":40},"end":{"line":143,"column":49}}},"13":{"name":"(anonymous_14)","decl":{"start":{"line":156,"column":15},"end":{"line":156,"column":20}},"loc":{"start":{"line":156,"column":53},"end":{"line":167,"column":3}}},"14":{"name":"(anonymous_15)","decl":{"start":{"line":159,"column":35},"end":{"line":159,"column":36}},"loc":{"start":{"line":159,"column":40},"end":{"line":159,"column":49}}},"15":{"name":"(anonymous_16)","decl":{"start":{"line":172,"column":15},"end":{"line":172,"column":20}},"loc":{"start":{"line":172,"column":53},"end":{"line":175,"column":3}}},"16":{"name":"(anonymous_17)","decl":{"start":{"line":180,"column":15},"end":{"line":180,"column":20}},"loc":{"start":{"line":180,"column":53},"end":{"line":183,"column":3}}}},"branchMap":{"0":{"loc":{"start":{"line":28,"column":4},"end":{"line":31,"column":5}},"type":"if","locations":[{"start":{"line":28,"column":4},"end":{"line":31,"column":5}}]},"1":{"loc":{"start":{"line":51,"column":4},"end":{"line":54,"column":5}},"type":"if","locations":[{"start":{"line":51,"column":4},"end":{"line":54,"column":5}}]},"2":{"loc":{"start":{"line":69,"column":25},"end":{"line":69,"column":46}},"type":"binary-expr","locations":[{"start":{"line":69,"column":25},"end":{"line":69,"column":40}},{"start":{"line":69,"column":44},"end":{"line":69,"column":46}}]},"3":{"loc":{"start":{"line":70,"column":4},"end":{"line":72,"column":5}},"type":"if","locations":[{"start":{"line":70,"column":4},"end":{"line":72,"column":5}}]},"4":{"loc":{"start":{"line":85,"column":4},"end":{"line":88,"column":5}},"type":"if","locations":[{"start":{"line":85,"column":4},"end":{"line":88,"column":5}}]},"5":{"loc":{"start":{"line":105,"column":4},"end":{"line":108,"column":5}},"type":"if","locations":[{"start":{"line":105,"column":4},"end":{"line":108,"column":5}}]},"6":{"loc":{"start":{"line":125,"column":4},"end":{"line":128,"column":5}},"type":"if","locations":[{"start":{"line":125,"column":4},"end":{"line":128,"column":5}}]},"7":{"loc":{"start":{"line":142,"column":4},"end":{"line":145,"column":5}},"type":"if","locations":[{"start":{"line":142,"column":4},"end":{"line":145,"column":5}}]},"8":{"loc":{"start":{"line":158,"column":4},"end":{"line":161,"column":5}},"type":"if","locations":[{"start":{"line":158,"column":4},"end":{"line":161,"column":5}}]}},"s":{"0":3,"1":3,"2":3,"3":3,"4":3,"5":3,"6":3,"7":3,"8":4,"9":4,"10":4,"11":0,"12":0,"13":0,"14":4,"15":4,"16":4,"17":3,"18":3,"19":3,"20":5,"21":5,"22":1,"23":1,"24":1,"25":4,"26":4,"27":4,"28":2,"29":2,"30":3,"31":3,"32":3,"33":0,"34":3,"35":3,"36":3,"37":3,"38":3,"39":0,"40":0,"41":0,"42":0,"43":0,"44":0,"45":0,"46":0,"47":0,"48":3,"49":1,"50":1,"51":0,"52":0,"53":0,"54":1,"55":1,"56":1,"57":1,"58":3,"59":2,"60":2,"61":2,"62":2,"63":2,"64":0,"65":0,"66":0,"67":0,"68":0,"69":3,"70":2,"71":2,"72":0,"73":0,"74":0,"75":2,"76":2,"77":2,"78":1,"79":3,"80":1,"81":1,"82":0,"83":0,"84":0,"85":1,"86":1,"87":1,"88":1,"89":3,"90":0,"91":0,"92":3,"93":1,"94":1,"95":3},"f":{"0":4,"1":0,"2":5,"3":1,"4":3,"5":0,"6":0,"7":1,"8":0,"9":2,"10":2,"11":2,"12":0,"13":1,"14":0,"15":0,"16":1},"b":{"0":[0],"1":[1],"2":[3,0],"3":[0],"4":[0],"5":[0],"6":[2],"7":[0],"8":[0]}}
,"/root/betforbes-backend/src/modules/auth/auth.service.ts": {"path":"/root/betforbes-backend/src/modules/auth/auth.service.ts","statementMap":{"0":{"start":{"line":1,"column":0},"end":{"line":1,"column":38}},"1":{"start":{"line":2,"column":0},"end":{"line":2,"column":39}},"2":{"start":{"line":3,"column":0},"end":{"line":3,"column":45}},"3":{"start":{"line":4,"column":0},"end":{"line":4,"column":107}},"4":{"start":{"line":5,"column":0},"end":{"line":5,"column":61}},"5":{"start":{"line":6,"column":0},"end":{"line":6,"column":40}},"6":{"start":{"line":40,"column":52},"end":{"line":40,"column":56}},"7":{"start":{"line":43,"column":25},"end":{"line":45,"column":6}},"8":{"start":{"line":47,"column":4},"end":{"line":49,"column":5}},"9":{"start":{"line":48,"column":6},"end":{"line":48,"column":77}},"10":{"start":{"line":52,"column":21},"end":{"line":52,"column":25}},"11":{"start":{"line":53,"column":4},"end":{"line":63,"column":5}},"12":{"start":{"line":54,"column":23},"end":{"line":56,"column":8}},"13":{"start":{"line":58,"column":6},"end":{"line":60,"column":7}},"14":{"start":{"line":59,"column":8},"end":{"line":59,"column":89}},"15":{"start":{"line":62,"column":6},"end":{"line":62,"column":31}},"16":{"start":{"line":66,"column":27},"end":{"line":66,"column":55}},"17":{"start":{"line":70,"column":4},"end":{"line":72,"column":90}},"18":{"start":{"line":71,"column":6},"end":{"line":71,"column":82}},"19":{"start":{"line":75,"column":17},"end":{"line":93,"column":6}},"20":{"start":{"line":96,"column":30},"end":{"line":96,"column":51}},"21":{"start":{"line":97,"column":22},"end":{"line":97,"column":99}},"22":{"start":{"line":99,"column":4},"end":{"line":105,"column":7}},"23":{"start":{"line":108,"column":22},"end":{"line":111,"column":null}},"24":{"start":{"line":114,"column":4},"end":{"line":114,"column":61}},"25":{"start":{"line":116,"column":4},"end":{"line":119,"column":6}},"26":{"start":{"line":126,"column":32},"end":{"line":126,"column":36}},"27":{"start":{"line":129,"column":17},"end":{"line":131,"column":6}},"28":{"start":{"line":133,"column":4},"end":{"line":135,"column":5}},"29":{"start":{"line":134,"column":6},"end":{"line":134,"column":81}},"30":{"start":{"line":138,"column":28},"end":{"line":138,"column":73}},"31":{"start":{"line":139,"column":4},"end":{"line":141,"column":5}},"32":{"start":{"line":140,"column":6},"end":{"line":140,"column":81}},"33":{"start":{"line":144,"column":4},"end":{"line":146,"column":5}},"34":{"start":{"line":145,"column":6},"end":{"line":145,"column":69}},"35":{"start":{"line":149,"column":4},"end":{"line":151,"column":5}},"36":{"start":{"line":150,"column":6},"end":{"line":150,"column":75}},"37":{"start":{"line":154,"column":19},"end":{"line":154,"column":53}},"38":{"start":{"line":157,"column":4},"end":{"line":160,"column":7}},"39":{"start":{"line":163,"column":4},"end":{"line":169,"column":7}},"40":{"start":{"line":171,"column":4},"end":{"line":171,"column":53}},"41":{"start":{"line":173,"column":4},"end":{"line":183,"column":6}},"42":{"start":{"line":191,"column":30},"end":{"line":194,"column":6}},"43":{"start":{"line":196,"column":4},"end":{"line":198,"column":5}},"44":{"start":{"line":197,"column":6},"end":{"line":197,"column":79}},"45":{"start":{"line":200,"column":4},"end":{"line":202,"column":5}},"46":{"start":{"line":201,"column":6},"end":{"line":201,"column":77}},"47":{"start":{"line":204,"column":4},"end":{"line":206,"column":5}},"48":{"start":{"line":205,"column":6},"end":{"line":205,"column":64}},"49":{"start":{"line":209,"column":17},"end":{"line":220,"column":6}},"50":{"start":{"line":223,"column":4},"end":{"line":226,"column":7}},"51":{"start":{"line":228,"column":4},"end":{"line":228,"column":53}},"52":{"start":{"line":230,"column":4},"end":{"line":230,"column":20}},"53":{"start":{"line":237,"column":17},"end":{"line":239,"column":6}},"54":{"start":{"line":241,"column":4},"end":{"line":243,"column":5}},"55":{"start":{"line":242,"column":6},"end":{"line":242,"column":73}},"56":{"start":{"line":245,"column":4},"end":{"line":247,"column":5}},"57":{"start":{"line":246,"column":6},"end":{"line":246,"column":78}},"58":{"start":{"line":250,"column":4},"end":{"line":256,"column":7}},"59":{"start":{"line":259,"column":30},"end":{"line":259,"column":51}},"60":{"start":{"line":260,"column":22},"end":{"line":260,"column":99}},"61":{"start":{"line":262,"column":4},"end":{"line":268,"column":7}},"62":{"start":{"line":271,"column":22},"end":{"line":274,"column":null}},"63":{"start":{"line":277,"column":4},"end":{"line":277,"column":68}},"64":{"start":{"line":279,"column":4},"end":{"line":279,"column":25}},"65":{"start":{"line":286,"column":17},"end":{"line":288,"column":6}},"66":{"start":{"line":290,"column":4},"end":{"line":293,"column":5}},"67":{"start":{"line":292,"column":6},"end":{"line":292,"column":33}},"68":{"start":{"line":296,"column":4},"end":{"line":302,"column":7}},"69":{"start":{"line":305,"column":23},"end":{"line":305,"column":44}},"70":{"start":{"line":306,"column":22},"end":{"line":306,"column":93}},"71":{"start":{"line":308,"column":4},"end":{"line":314,"column":7}},"72":{"start":{"line":317,"column":22},"end":{"line":320,"column":null}},"73":{"start":{"line":323,"column":4},"end":{"line":323,"column":73}},"74":{"start":{"line":325,"column":4},"end":{"line":325,"column":25}},"75":{"start":{"line":333,"column":23},"end":{"line":336,"column":6}},"76":{"start":{"line":338,"column":4},"end":{"line":340,"column":5}},"77":{"start":{"line":339,"column":6},"end":{"line":339,"column":79}},"78":{"start":{"line":342,"column":4},"end":{"line":344,"column":5}},"79":{"start":{"line":343,"column":6},"end":{"line":343,"column":77}},"80":{"start":{"line":346,"column":4},"end":{"line":348,"column":5}},"81":{"start":{"line":347,"column":6},"end":{"line":347,"column":64}},"82":{"start":{"line":351,"column":27},"end":{"line":351,"column":58}},"83":{"start":{"line":354,"column":4},"end":{"line":357,"column":7}},"84":{"start":{"line":360,"column":4},"end":{"line":363,"column":7}},"85":{"start":{"line":366,"column":4},"end":{"line":369,"column":7}},"86":{"start":{"line":371,"column":4},"end":{"line":371,"column":65}},"87":{"start":{"line":373,"column":4},"end":{"line":373,"column":29}},"88":{"start":{"line":381,"column":20},"end":{"line":384,"column":6}},"89":{"start":{"line":386,"column":4},"end":{"line":388,"column":5}},"90":{"start":{"line":387,"column":6},"end":{"line":387,"column":92}},"91":{"start":{"line":391,"column":24},"end":{"line":391,"column":67}},"92":{"start":{"line":393,"column":4},"end":{"line":393,"column":60}},"93":{"start":{"line":395,"column":4},"end":{"line":395,"column":27}},"94":{"start":{"line":403,"column":4},"end":{"line":406,"column":7}},"95":{"start":{"line":408,"column":4},"end":{"line":408,"column":39}},"96":{"start":{"line":410,"column":4},"end":{"line":410,"column":29}},"97":{"start":{"line":414,"column":0},"end":{"line":414,"column":33}}},"fnMap":{"0":{"name":"(anonymous_1)","decl":{"start":{"line":39,"column":2},"end":{"line":39,"column":7}},"loc":{"start":{"line":39,"column":35},"end":{"line":120,"column":3}}},"1":{"name":"(anonymous_2)","decl":{"start":{"line":125,"column":2},"end":{"line":125,"column":7}},"loc":{"start":{"line":125,"column":29},"end":{"line":184,"column":3}}},"2":{"name":"(anonymous_3)","decl":{"start":{"line":189,"column":2},"end":{"line":189,"column":7}},"loc":{"start":{"line":189,"column":33},"end":{"line":231,"column":3}}},"3":{"name":"(anonymous_4)","decl":{"start":{"line":236,"column":2},"end":{"line":236,"column":7}},"loc":{"start":{"line":236,"column":40},"end":{"line":280,"column":3}}},"4":{"name":"(anonymous_5)","decl":{"start":{"line":285,"column":2},"end":{"line":285,"column":7}},"loc":{"start":{"line":285,"column":36},"end":{"line":326,"column":3}}},"5":{"name":"(anonymous_6)","decl":{"start":{"line":331,"column":2},"end":{"line":331,"column":7}},"loc":{"start":{"line":331,"column":56},"end":{"line":374,"column":3}}},"6":{"name":"(anonymous_7)","decl":{"start":{"line":379,"column":2},"end":{"line":379,"column":7}},"loc":{"start":{"line":379,"column":41},"end":{"line":396,"column":3}}},"7":{"name":"(anonymous_8)","decl":{"start":{"line":401,"column":2},"end":{"line":401,"column":7}},"loc":{"start":{"line":401,"column":35},"end":{"line":411,"column":3}}}},"branchMap":{"0":{"loc":{"start":{"line":47,"column":4},"end":{"line":49,"column":5}},"type":"if","locations":[{"start":{"line":47,"column":4},"end":{"line":49,"column":5}}]},"1":{"loc":{"start":{"line":53,"column":4},"end":{"line":63,"column":5}},"type":"if","locations":[{"start":{"line":53,"column":4},"end":{"line":63,"column":5}}]},"2":{"loc":{"start":{"line":58,"column":6},"end":{"line":60,"column":7}},"type":"if","locations":[{"start":{"line":58,"column":6},"end":{"line":60,"column":7}}]},"3":{"loc":{"start":{"line":97,"column":49},"end":{"line":97,"column":97}},"type":"binary-expr","locations":[{"start":{"line":97,"column":49},"end":{"line":97,"column":87}},{"start":{"line":97,"column":91},"end":{"line":97,"column":97}}]},"4":{"loc":{"start":{"line":133,"column":4},"end":{"line":135,"column":5}},"type":"if","locations":[{"start":{"line":133,"column":4},"end":{"line":135,"column":5}}]},"5":{"loc":{"start":{"line":139,"column":4},"end":{"line":141,"column":5}},"type":"if","locations":[{"start":{"line":139,"column":4},"end":{"line":141,"column":5}}]},"6":{"loc":{"start":{"line":144,"column":4},"end":{"line":146,"column":5}},"type":"if","locations":[{"start":{"line":144,"column":4},"end":{"line":146,"column":5}}]},"7":{"loc":{"start":{"line":149,"column":4},"end":{"line":151,"column":5}},"type":"if","locations":[{"start":{"line":149,"column":4},"end":{"line":151,"column":5}}]},"8":{"loc":{"start":{"line":196,"column":4},"end":{"line":198,"column":5}},"type":"if","locations":[{"start":{"line":196,"column":4},"end":{"line":198,"column":5}}]},"9":{"loc":{"start":{"line":200,"column":4},"end":{"line":202,"column":5}},"type":"if","locations":[{"start":{"line":200,"column":4},"end":{"line":202,"column":5}}]},"10":{"loc":{"start":{"line":204,"column":4},"end":{"line":206,"column":5}},"type":"if","locations":[{"start":{"line":204,"column":4},"end":{"line":206,"column":5}}]},"11":{"loc":{"start":{"line":241,"column":4},"end":{"line":243,"column":5}},"type":"if","locations":[{"start":{"line":241,"column":4},"end":{"line":243,"column":5}}]},"12":{"loc":{"start":{"line":245,"column":4},"end":{"line":247,"column":5}},"type":"if","locations":[{"start":{"line":245,"column":4},"end":{"line":247,"column":5}}]},"13":{"loc":{"start":{"line":260,"column":49},"end":{"line":260,"column":97}},"type":"binary-expr","locations":[{"start":{"line":260,"column":49},"end":{"line":260,"column":87}},{"start":{"line":260,"column":91},"end":{"line":260,"column":97}}]},"14":{"loc":{"start":{"line":290,"column":4},"end":{"line":293,"column":5}},"type":"if","locations":[{"start":{"line":290,"column":4},"end":{"line":293,"column":5}}]},"15":{"loc":{"start":{"line":306,"column":49},"end":{"line":306,"column":91}},"type":"binary-expr","locations":[{"start":{"line":306,"column":49},"end":{"line":306,"column":83}},{"start":{"line":306,"column":87},"end":{"line":306,"column":91}}]},"16":{"loc":{"start":{"line":338,"column":4},"end":{"line":340,"column":5}},"type":"if","locations":[{"start":{"line":338,"column":4},"end":{"line":340,"column":5}}]},"17":{"loc":{"start":{"line":342,"column":4},"end":{"line":344,"column":5}},"type":"if","locations":[{"start":{"line":342,"column":4},"end":{"line":344,"column":5}}]},"18":{"loc":{"start":{"line":346,"column":4},"end":{"line":348,"column":5}},"type":"if","locations":[{"start":{"line":346,"column":4},"end":{"line":348,"column":5}}]},"19":{"loc":{"start":{"line":386,"column":4},"end":{"line":388,"column":5}},"type":"if","locations":[{"start":{"line":386,"column":4},"end":{"line":388,"column":5}}]},"20":{"loc":{"start":{"line":386,"column":8},"end":{"line":386,"column":71}},"type":"binary-expr","locations":[{"start":{"line":386,"column":8},"end":{"line":386,"column":16}},{"start":{"line":386,"column":20},"end":{"line":386,"column":37}},{"start":{"line":386,"column":41},"end":{"line":386,"column":71}}]}},"s":{"0":3,"1":3,"2":3,"3":3,"4":3,"5":3,"6":4,"7":4,"8":4,"9":1,"10":3,"11":3,"12":0,"13":0,"14":0,"15":0,"16":3,"17":3,"18":3,"19":3,"20":3,"21":3,"22":3,"23":3,"24":3,"25":3,"26":4,"27":4,"28":4,"29":0,"30":4,"31":4,"32":1,"33":3,"34":0,"35":3,"36":1,"37":2,"38":2,"39":2,"40":2,"41":2,"42":3,"43":3,"44":0,"45":3,"46":0,"47":3,"48":0,"49":3,"50":3,"51":3,"52":3,"53":0,"54":0,"55":0,"56":0,"57":0,"58":0,"59":0,"60":0,"61":0,"62":0,"63":0,"64":0,"65":1,"66":1,"67":0,"68":1,"69":1,"70":1,"71":1,"72":1,"73":1,"74":1,"75":0,"76":0,"77":0,"78":0,"79":0,"80":0,"81":0,"82":0,"83":0,"84":0,"85":0,"86":0,"87":0,"88":2,"89":2,"90":1,"91":1,"92":1,"93":1,"94":1,"95":1,"96":1,"97":3},"f":{"0":4,"1":4,"2":3,"3":0,"4":1,"5":0,"6":2,"7":1},"b":{"0":[1],"1":[0],"2":[0],"3":[3,3],"4":[0],"5":[1],"6":[0],"7":[1],"8":[0],"9":[0],"10":[0],"11":[0],"12":[0],"13":[0,0],"14":[0],"15":[1,1],"16":[0],"17":[0],"18":[0],"19":[1],"20":[2,2,1]}}
,"/root/betforbes-backend/src/modules/auth/auth.validation.ts": {"path":"/root/betforbes-backend/src/modules/auth/auth.validation.ts","statementMap":{"0":{"start":{"line":1,"column":0},"end":{"line":1,"column":22}},"1":{"start":{"line":9,"column":24},"end":{"line":9,"column":71}},"2":{"start":{"line":12,"column":13},"end":{"line":61,"column":3}},"3":{"start":{"line":64,"column":13},"end":{"line":83,"column":3}},"4":{"start":{"line":86,"column":13},"end":{"line":97,"column":3}},"5":{"start":{"line":100,"column":13},"end":{"line":117,"column":3}},"6":{"start":{"line":120,"column":13},"end":{"line":131,"column":3}},"7":{"start":{"line":134,"column":13},"end":{"line":141,"column":3}},"8":{"start":{"line":144,"column":13},"end":{"line":151,"column":3}},"9":{"start":{"line":154,"column":13},"end":{"line":178,"column":3}},"10":{"start":{"line":181,"column":13},"end":{"line":198,"column":3}},"11":{"start":{"line":201,"column":13},"end":{"line":231,"column":2}},"12":{"start":{"line":203,"column":4},"end":{"line":203,"column":17}},"13":{"start":{"line":207,"column":31},"end":{"line":207,"column":33}},"14":{"start":{"line":208,"column":16},"end":{"line":208,"column":17}},"15":{"start":{"line":209,"column":4},"end":{"line":210,"column":54}},"16":{"start":{"line":209,"column":30},"end":{"line":209,"column":38}},"17":{"start":{"line":210,"column":9},"end":{"line":210,"column":54}},"18":{"start":{"line":211,"column":4},"end":{"line":212,"column":76}},"19":{"start":{"line":211,"column":31},"end":{"line":211,"column":39}},"20":{"start":{"line":212,"column":9},"end":{"line":212,"column":76}},"21":{"start":{"line":213,"column":4},"end":{"line":214,"column":51}},"22":{"start":{"line":213,"column":32},"end":{"line":213,"column":40}},"23":{"start":{"line":214,"column":9},"end":{"line":214,"column":51}},"24":{"start":{"line":215,"column":4},"end":{"line":216,"column":51}},"25":{"start":{"line":215,"column":32},"end":{"line":215,"column":40}},"26":{"start":{"line":216,"column":9},"end":{"line":216,"column":51}},"27":{"start":{"line":217,"column":4},"end":{"line":218,"column":41}},"28":{"start":{"line":217,"column":29},"end":{"line":217,"column":37}},"29":{"start":{"line":218,"column":9},"end":{"line":218,"column":41}},"30":{"start":{"line":219,"column":4},"end":{"line":220,"column":52}},"31":{"start":{"line":219,"column":38},"end":{"line":219,"column":46}},"32":{"start":{"line":220,"column":9},"end":{"line":220,"column":52}},"33":{"start":{"line":221,"column":4},"end":{"line":222,"column":51}},"34":{"start":{"line":221,"column":37},"end":{"line":221,"column":45}},"35":{"start":{"line":222,"column":9},"end":{"line":222,"column":51}},"36":{"start":{"line":223,"column":4},"end":{"line":224,"column":62}},"37":{"start":{"line":223,"column":55},"end":{"line":223,"column":63}},"38":{"start":{"line":224,"column":9},"end":{"line":224,"column":62}},"39":{"start":{"line":225,"column":4},"end":{"line":225,"column":31}},"40":{"start":{"line":228,"column":44},"end":{"line":228,"column":72}},"41":{"start":{"line":230,"column":4},"end":{"line":230,"column":91}}},"fnMap":{"0":{"name":"(anonymous_1)","decl":{"start":{"line":202,"column":15},"end":{"line":202,"column":20}},"loc":{"start":{"line":202,"column":57},"end":{"line":204,"column":3}}},"1":{"name":"(anonymous_2)","decl":{"start":{"line":206,"column":20},"end":{"line":206,"column":21}},"loc":{"start":{"line":206,"column":80},"end":{"line":226,"column":3}}},"2":{"name":"(anonymous_3)","decl":{"start":{"line":228,"column":16},"end":{"line":228,"column":17}},"loc":{"start":{"line":228,"column":44},"end":{"line":228,"column":72}}},"3":{"name":"(anonymous_4)","decl":{"start":{"line":229,"column":15},"end":{"line":229,"column":16}},"loc":{"start":{"line":230,"column":4},"end":{"line":230,"column":91}}}},"branchMap":{"0":{"loc":{"start":{"line":209,"column":4},"end":{"line":210,"column":54}},"type":"if","locations":[{"start":{"line":209,"column":4},"end":{"line":210,"column":54}},{"start":{"line":210,"column":9},"end":{"line":210,"column":54}}]},"1":{"loc":{"start":{"line":211,"column":4},"end":{"line":212,"column":76}},"type":"if","locations":[{"start":{"line":211,"column":4},"end":{"line":212,"column":76}},{"start":{"line":212,"column":9},"end":{"line":212,"column":76}}]},"2":{"loc":{"start":{"line":213,"column":4},"end":{"line":214,"column":51}},"type":"if","locations":[{"start":{"line":213,"column":4},"end":{"line":214,"column":51}},{"start":{"line":214,"column":9},"end":{"line":214,"column":51}}]},"3":{"loc":{"start":{"line":215,"column":4},"end":{"line":216,"column":51}},"type":"if","locations":[{"start":{"line":215,"column":4},"end":{"line":216,"column":51}},{"start":{"line":216,"column":9},"end":{"line":216,"column":51}}]},"4":{"loc":{"start":{"line":217,"column":4},"end":{"line":218,"column":41}},"type":"if","locations":[{"start":{"line":217,"column":4},"end":{"line":218,"column":41}},{"start":{"line":218,"column":9},"end":{"line":218,"column":41}}]},"5":{"loc":{"start":{"line":219,"column":4},"end":{"line":220,"column":52}},"type":"if","locations":[{"start":{"line":219,"column":4},"end":{"line":220,"column":52}},{"start":{"line":220,"column":9},"end":{"line":220,"column":52}}]},"6":{"loc":{"start":{"line":221,"column":4},"end":{"line":222,"column":51}},"type":"if","locations":[{"start":{"line":221,"column":4},"end":{"line":222,"column":51}},{"start":{"line":222,"column":9},"end":{"line":222,"column":51}}]},"7":{"loc":{"start":{"line":223,"column":4},"end":{"line":224,"column":62}},"type":"if","locations":[{"start":{"line":223,"column":4},"end":{"line":224,"column":62}},{"start":{"line":224,"column":9},"end":{"line":224,"column":62}}]}},"s":{"0":3,"1":3,"2":3,"3":3,"4":3,"5":3,"6":3,"7":3,"8":3,"9":3,"10":3,"11":3,"12":0,"13":0,"14":0,"15":0,"16":0,"17":0,"18":0,"19":0,"20":0,"21":0,"22":0,"23":0,"24":0,"25":0,"26":0,"27":0,"28":0,"29":0,"30":0,"31":0,"32":0,"33":0,"34":0,"35":0,"36":0,"37":0,"38":0,"39":0,"40":0,"41":0},"f":{"0":0,"1":0,"2":0,"3":0},"b":{"0":[0,0],"1":[0,0],"2":[0,0],"3":[0,0],"4":[0,0],"5":[0,0],"6":[0,0],"7":[0,0]}}
,"/root/betforbes-backend/src/modules/market/price.service.ts": {"path":"/root/betforbes-backend/src/modules/market/price.service.ts","statementMap":{"0":{"start":{"line":28,"column":0},"end":{"line":28,"column":7}},"1":{"start":{"line":106,"column":0},"end":{"line":106,"column":7}},"2":{"start":{"line":1,"column":0},"end":{"line":1,"column":26}},"3":{"start":{"line":2,"column":0},"end":{"line":2,"column":40}},"4":{"start":{"line":4,"column":17},"end":{"line":4,"column":86}},"5":{"start":{"line":21,"column":36},"end":{"line":21,"column":40}},"6":{"start":{"line":22,"column":29},"end":{"line":22,"column":30}},"7":{"start":{"line":23,"column":23},"end":{"line":23,"column":36}},"8":{"start":{"line":29,"column":2},"end":{"line":99,"column":3}},"9":{"start":{"line":31,"column":16},"end":{"line":31,"column":26}},"10":{"start":{"line":32,"column":4},"end":{"line":35,"column":5}},"11":{"start":{"line":33,"column":6},"end":{"line":33,"column":48}},"12":{"start":{"line":34,"column":6},"end":{"line":34,"column":26}},"13":{"start":{"line":37,"column":4},"end":{"line":37,"column":57}},"14":{"start":{"line":39,"column":17},"end":{"line":45,"column":null}},"15":{"start":{"line":49,"column":4},"end":{"line":52,"column":5}},"16":{"start":{"line":50,"column":6},"end":{"line":50,"column":71}},"17":{"start":{"line":51,"column":6},"end":{"line":51,"column":50}},"18":{"start":{"line":54,"column":19},"end":{"line":54,"column":28}},"19":{"start":{"line":57,"column":4},"end":{"line":67,"column":5}},"20":{"start":{"line":58,"column":6},"end":{"line":58,"column":62}},"21":{"start":{"line":61,"column":29},"end":{"line":64,"column":8}},"22":{"start":{"line":65,"column":6},"end":{"line":65,"column":61}},"23":{"start":{"line":66,"column":6},"end":{"line":66,"column":28}},"24":{"start":{"line":70,"column":19},"end":{"line":74,"column":13}},"25":{"start":{"line":71,"column":19},"end":{"line":71,"column":60}},"26":{"start":{"line":72,"column":16},"end":{"line":72,"column":22}},"27":{"start":{"line":73,"column":22},"end":{"line":73,"column":40}},"28":{"start":{"line":76,"column":4},"end":{"line":76,"column":77}},"29":{"start":{"line":79,"column":4},"end":{"line":79,"column":26}},"30":{"start":{"line":80,"column":4},"end":{"line":80,"column":25}},"31":{"start":{"line":82,"column":4},"end":{"line":82,"column":18}},"32":{"start":{"line":85,"column":4},"end":{"line":89,"column":7}},"33":{"start":{"line":92,"column":27},"end":{"line":95,"column":6}},"34":{"start":{"line":97,"column":4},"end":{"line":97,"column":61}},"35":{"start":{"line":98,"column":4},"end":{"line":98,"column":26}},"36":{"start":{"line":111,"column":2},"end":{"line":222,"column":3}},"37":{"start":{"line":112,"column":4},"end":{"line":112,"column":53}},"38":{"start":{"line":115,"column":17},"end":{"line":121,"column":null}},"39":{"start":{"line":125,"column":4},"end":{"line":128,"column":5}},"40":{"start":{"line":126,"column":6},"end":{"line":126,"column":83}},"41":{"start":{"line":127,"column":6},"end":{"line":127,"column":50}},"42":{"start":{"line":130,"column":26},"end":{"line":130,"column":35}},"43":{"start":{"line":133,"column":4},"end":{"line":138,"column":5}},"44":{"start":{"line":134,"column":6},"end":{"line":134,"column":74}},"45":{"start":{"line":135,"column":16},"end":{"line":135,"column":64}},"46":{"start":{"line":136,"column":7},"end":{"line":136,"column":30}},"47":{"start":{"line":137,"column":6},"end":{"line":137,"column":14}},"48":{"start":{"line":141,"column":4},"end":{"line":146,"column":5}},"49":{"start":{"line":142,"column":6},"end":{"line":142,"column":55}},"50":{"start":{"line":143,"column":16},"end":{"line":143,"column":67}},"51":{"start":{"line":144,"column":7},"end":{"line":144,"column":30}},"52":{"start":{"line":145,"column":6},"end":{"line":145,"column":14}},"53":{"start":{"line":149,"column":16},"end":{"line":149,"column":61}},"54":{"start":{"line":149,"column":40},"end":{"line":149,"column":60}},"55":{"start":{"line":150,"column":4},"end":{"line":157,"column":5}},"56":{"start":{"line":151,"column":6},"end":{"line":151,"column":63}},"57":{"start":{"line":152,"column":6},"end":{"line":152,"column":102}},"58":{"start":{"line":152,"column":63},"end":{"line":152,"column":70}},"59":{"start":{"line":154,"column":16},"end":{"line":154,"column":70}},"60":{"start":{"line":155,"column":7},"end":{"line":155,"column":30}},"61":{"start":{"line":156,"column":6},"end":{"line":156,"column":14}},"62":{"start":{"line":160,"column":4},"end":{"line":165,"column":5}},"63":{"start":{"line":161,"column":6},"end":{"line":161,"column":100}},"64":{"start":{"line":162,"column":16},"end":{"line":162,"column":62}},"65":{"start":{"line":163,"column":7},"end":{"line":163,"column":30}},"66":{"start":{"line":164,"column":6},"end":{"line":164,"column":14}},"67":{"start":{"line":167,"column":17},"end":{"line":167,"column":33}},"68":{"start":{"line":168,"column":4},"end":{"line":173,"column":5}},"69":{"start":{"line":169,"column":6},"end":{"line":169,"column":79}},"70":{"start":{"line":170,"column":16},"end":{"line":170,"column":63}},"71":{"start":{"line":171,"column":7},"end":{"line":171,"column":30}},"72":{"start":{"line":172,"column":6},"end":{"line":172,"column":14}},"73":{"start":{"line":176,"column":4},"end":{"line":181,"column":5}},"74":{"start":{"line":177,"column":6},"end":{"line":177,"column":64}},"75":{"start":{"line":178,"column":16},"end":{"line":178,"column":64}},"76":{"start":{"line":179,"column":7},"end":{"line":179,"column":30}},"77":{"start":{"line":180,"column":6},"end":{"line":180,"column":14}},"78":{"start":{"line":184,"column":20},"end":{"line":184,"column":26}},"79":{"start":{"line":185,"column":4},"end":{"line":194,"column":5}},"80":{"start":{"line":186,"column":27},"end":{"line":186,"column":49}},"81":{"start":{"line":187,"column":24},"end":{"line":187,"column":50}},"82":{"start":{"line":189,"column":6},"end":{"line":191,"column":7}},"83":{"start":{"line":190,"column":8},"end":{"line":190,"column":78}},"84":{"start":{"line":193,"column":6},"end":{"line":193,"column":73}},"85":{"start":{"line":196,"column":19},"end":{"line":200,"column":6}},"86":{"start":{"line":202,"column":4},"end":{"line":202,"column":59}},"87":{"start":{"line":203,"column":4},"end":{"line":203,"column":18}},"88":{"start":{"line":206,"column":4},"end":{"line":211,"column":7}},"89":{"start":{"line":214,"column":4},"end":{"line":216,"column":5}},"90":{"start":{"line":215,"column":6},"end":{"line":215,"column":18}},"91":{"start":{"line":219,"column":14},"end":{"line":219,"column":87}},"92":{"start":{"line":220,"column":5},"end":{"line":220,"column":28}},"93":{"start":{"line":221,"column":4},"end":{"line":221,"column":12}}},"fnMap":{"0":{"name":"listAssets","decl":{"start":{"line":28,"column":22},"end":{"line":28,"column":32}},"loc":{"start":{"line":28,"column":32},"end":{"line":100,"column":1}}},"1":{"name":"(anonymous_2)","decl":{"start":{"line":71,"column":14},"end":{"line":71,"column":15}},"loc":{"start":{"line":71,"column":19},"end":{"line":71,"column":60}}},"2":{"name":"(anonymous_3)","decl":{"start":{"line":72,"column":11},"end":{"line":72,"column":12}},"loc":{"start":{"line":72,"column":16},"end":{"line":72,"column":22}}},"3":{"name":"(anonymous_4)","decl":{"start":{"line":73,"column":14},"end":{"line":73,"column":18}},"loc":{"start":{"line":73,"column":22},"end":{"line":73,"column":40}}},"4":{"name":"fetchTicker","decl":{"start":{"line":106,"column":22},"end":{"line":106,"column":33}},"loc":{"start":{"line":106,"column":46},"end":{"line":223,"column":1}}},"5":{"name":"(anonymous_6)","decl":{"start":{"line":149,"column":35},"end":{"line":149,"column":36}},"loc":{"start":{"line":149,"column":40},"end":{"line":149,"column":60}}},"6":{"name":"(anonymous_7)","decl":{"start":{"line":152,"column":58},"end":{"line":152,"column":59}},"loc":{"start":{"line":152,"column":63},"end":{"line":152,"column":70}}}},"branchMap":{"0":{"loc":{"start":{"line":4,"column":17},"end":{"line":4,"column":86}},"type":"binary-expr","locations":[{"start":{"line":4,"column":17},"end":{"line":4,"column":48}},{"start":{"line":4,"column":52},"end":{"line":4,"column":86}}]},"1":{"loc":{"start":{"line":32,"column":4},"end":{"line":35,"column":5}},"type":"if","locations":[{"start":{"line":32,"column":4},"end":{"line":35,"column":5}}]},"2":{"loc":{"start":{"line":32,"column":8},"end":{"line":32,"column":63}},"type":"binary-expr","locations":[{"start":{"line":32,"column":8},"end":{"line":32,"column":20}},{"start":{"line":32,"column":24},"end":{"line":32,"column":63}}]},"3":{"loc":{"start":{"line":49,"column":4},"end":{"line":52,"column":5}},"type":"if","locations":[{"start":{"line":49,"column":4},"end":{"line":52,"column":5}}]},"4":{"loc":{"start":{"line":49,"column":8},"end":{"line":49,"column":71}},"type":"binary-expr","locations":[{"start":{"line":49,"column":8},"end":{"line":49,"column":18}},{"start":{"line":49,"column":22},"end":{"line":49,"column":47}},{"start":{"line":49,"column":51},"end":{"line":49,"column":71}}]},"5":{"loc":{"start":{"line":57,"column":4},"end":{"line":67,"column":5}},"type":"if","locations":[{"start":{"line":57,"column":4},"end":{"line":67,"column":5}}]},"6":{"loc":{"start":{"line":57,"column":8},"end":{"line":57,"column":64}},"type":"binary-expr","locations":[{"start":{"line":57,"column":8},"end":{"line":57,"column":13}},{"start":{"line":57,"column":17},"end":{"line":57,"column":31}},{"start":{"line":57,"column":35},"end":{"line":57,"column":64}}]},"7":{"loc":{"start":{"line":71,"column":19},"end":{"line":71,"column":60}},"type":"binary-expr","locations":[{"start":{"line":71,"column":19},"end":{"line":71,"column":20}},{"start":{"line":71,"column":24},"end":{"line":71,"column":30}},{"start":{"line":71,"column":34},"end":{"line":71,"column":60}}]},"8":{"loc":{"start":{"line":125,"column":4},"end":{"line":128,"column":5}},"type":"if","locations":[{"start":{"line":125,"column":4},"end":{"line":128,"column":5}}]},"9":{"loc":{"start":{"line":125,"column":8},"end":{"line":125,"column":71}},"type":"binary-expr","locations":[{"start":{"line":125,"column":8},"end":{"line":125,"column":18}},{"start":{"line":125,"column":22},"end":{"line":125,"column":47}},{"start":{"line":125,"column":51},"end":{"line":125,"column":71}}]},"10":{"loc":{"start":{"line":133,"column":4},"end":{"line":138,"column":5}},"type":"if","locations":[{"start":{"line":133,"column":4},"end":{"line":138,"column":5}}]},"11":{"loc":{"start":{"line":133,"column":8},"end":{"line":133,"column":64}},"type":"binary-expr","locations":[{"start":{"line":133,"column":8},"end":{"line":133,"column":13}},{"start":{"line":133,"column":17},"end":{"line":133,"column":31}},{"start":{"line":133,"column":35},"end":{"line":133,"column":64}}]},"12":{"loc":{"start":{"line":141,"column":4},"end":{"line":146,"column":5}},"type":"if","locations":[{"start":{"line":141,"column":4},"end":{"line":146,"column":5}}]},"13":{"loc":{"start":{"line":141,"column":8},"end":{"line":141,"column":39}},"type":"binary-expr","locations":[{"start":{"line":141,"column":8},"end":{"line":141,"column":14}},{"start":{"line":141,"column":18},"end":{"line":141,"column":39}}]},"14":{"loc":{"start":{"line":149,"column":40},"end":{"line":149,"column":60}},"type":"binary-expr","locations":[{"start":{"line":149,"column":40},"end":{"line":149,"column":41}},{"start":{"line":149,"column":45},"end":{"line":149,"column":60}}]},"15":{"loc":{"start":{"line":150,"column":4},"end":{"line":157,"column":5}},"type":"if","locations":[{"start":{"line":150,"column":4},"end":{"line":157,"column":5}}]},"16":{"loc":{"start":{"line":160,"column":4},"end":{"line":165,"column":5}},"type":"if","locations":[{"start":{"line":160,"column":4},"end":{"line":165,"column":5}}]},"17":{"loc":{"start":{"line":160,"column":8},"end":{"line":160,"column":83}},"type":"binary-expr","locations":[{"start":{"line":160,"column":8},"end":{"line":160,"column":37}},{"start":{"line":160,"column":41},"end":{"line":160,"column":54}},{"start":{"line":160,"column":58},"end":{"line":160,"column":83}}]},"18":{"loc":{"start":{"line":168,"column":4},"end":{"line":173,"column":5}},"type":"if","locations":[{"start":{"line":168,"column":4},"end":{"line":173,"column":5}}]},"19":{"loc":{"start":{"line":176,"column":4},"end":{"line":181,"column":5}},"type":"if","locations":[{"start":{"line":176,"column":4},"end":{"line":181,"column":5}}]},"20":{"loc":{"start":{"line":176,"column":8},"end":{"line":176,"column":57}},"type":"binary-expr","locations":[{"start":{"line":176,"column":8},"end":{"line":176,"column":19}},{"start":{"line":176,"column":23},"end":{"line":176,"column":38}},{"start":{"line":176,"column":42},"end":{"line":176,"column":57}}]},"21":{"loc":{"start":{"line":189,"column":6},"end":{"line":191,"column":7}},"type":"if","
[...]
line":57,"column":0},"end":{"line":129,"column":3}},"16":{"start":{"line":58,"column":20},"end":{"line":58,"column":30}},"17":{"start":{"line":59,"column":18},"end":{"line":59,"column":33}},"18":{"start":{"line":61,"column":2},"end":{"line":128,"column":3}},"19":{"start":{"line":62,"column":4},"end":{"line":69,"column":5}},"20":{"start":{"line":63,"column":6},"end":{"line":63,"column":69}},"21":{"start":{"line":64,"column":6},"end":{"line":68,"column":9}},"22":{"start":{"line":72,"column":17},"end":{"line":72,"column":44}},"23":{"start":{"line":74,"column":4},"end":{"line":79,"column":7}},"24":{"start":{"line":81,"column":19},"end":{"line":81,"column":42}},"25":{"start":{"line":83,"column":21},"end":{"line":83,"column":43}},"26":{"start":{"line":84,"column":4},"end":{"line":88,"column":7}},"27":{"start":{"line":90,"column":4},"end":{"line":97,"column":7}},"28":{"start":{"line":100,"column":21},"end":{"line":100,"column":43}},"29":{"start":{"line":101,"column":17},"end":{"line":101,"column":66}},"30":{"start":{"line":103,"column":4},"end":{"line":110,"column":7}},"31":{"start":{"line":113,"column":4},"end":{"line":120,"column":5}},"32":{"start":{"line":114,"column":6},"end":{"line":119,"column":9}},"33":{"start":{"line":122,"column":4},"end":{"line":127,"column":7}},"34":{"start":{"line":135,"column":0},"end":{"line":158,"column":3}},"35":{"start":{"line":136,"column":2},"end":{"line":157,"column":3}},"36":{"start":{"line":138,"column":19},"end":{"line":138,"column":37}},"37":{"start":{"line":140,"column":4},"end":{"line":145,"column":7}},"38":{"start":{"line":147,"column":4},"end":{"line":149,"column":7}},"39":{"start":{"line":151,"column":4},"end":{"line":156,"column":7}},"40":{"start":{"line":160,"column":0},"end":{"line":160,"column":22}}},"fnMap":{"0":{"name":"(anonymous_1)","decl":{"start":{"line":11,"column":16},"end":{"line":11,"column":21}},"loc":{"start":{"line":11,"column":54},"end":{"line":50,"column":1}}},"1":{"name":"(anonymous_2)","decl":{"start":{"line":57,"column":21},"end":{"line":57,"column":26}},"loc":{"start":{"line":57,"column":59},"end":{"line":129,"column":1}}},"2":{"name":"(anonymous_3)","decl":{"start":{"line":135,"column":22},"end":{"line":135,"column":27}},"loc":{"start":{"line":135,"column":61},"end":{"line":158,"column":1}}}},"branchMap":{"0":{"loc":{"start":{"line":46,"column":15},"end":{"line":46,"column":56}},"type":"binary-expr","locations":[{"start":{"line":46,"column":15},"end":{"line":46,"column":26}},{"start":{"line":46,"column":30},"end":{"line":46,"column":56}}]},"1":{"loc":{"start":{"line":62,"column":4},"end":{"line":69,"column":5}},"type":"if","locations":[{"start":{"line":62,"column":4},"end":{"line":69,"column":5}}]},"2":{"loc":{"start":{"line":101,"column":17},"end":{"line":101,"column":66}},"type":"cond-expr","locations":[{"start":{"line":101,"column":27},"end":{"line":101,"column":54}},{"start":{"line":101,"column":57},"end":{"line":101,"column":66}}]},"3":{"loc":{"start":{"line":113,"column":4},"end":{"line":120,"column":5}},"type":"if","locations":[{"start":{"line":113,"column":4},"end":{"line":120,"column":5}}]},"4":{"loc":{"start":{"line":124,"column":15},"end":{"line":124,"column":56}},"type":"binary-expr","locations":[{"start":{"line":124,"column":15},"end":{"line":124,"column":26}},{"start":{"line":124,"column":30},"end":{"line":124,"column":56}}]}},"s":{"0":3,"1":3,"2":3,"3":3,"4":3,"5":0,"6":0,"7":0,"8":0,"9":0,"10":0,"11":0,"12":0,"13":0,"14":0,"15":3,"16":0,"17":0,"18":0,"19":0,"20":0,"21":0,"22":0,"23":0,"24":0,"25":0,"26":0,"27":0,"28":0,"29":0,"30":0,"31":0,"32":0,"33":0,"34":3,"35":0,"36":0,"37":0,"38":0,"39":0,"40":3},"f":{"0":0,"1":0,"2":0},"b":{"0":[0,0],"1":[0],"2":[0,0],"3":[0],"4":[0,0]}}
,"/root/betforbes-backend/src/utils/email.ts": {"path":"/root/betforbes-backend/src/utils/email.ts","statementMap":{"0":{"start":{"line":1,"column":0},"end":{"line":1,"column":36}},"1":{"start":{"line":2,"column":0},"end":{"line":2,"column":30}},"2":{"start":{"line":13,"column":34},"end":{"line":13,"column":39}},"3":{"start":{"line":16,"column":4},"end":{"line":16,"column":28}},"4":{"start":{"line":20,"column":4},"end":{"line":45,"column":5}},"5":{"start":{"line":21,"column":6},"end":{"line":29,"column":9}},"6":{"start":{"line":31,"column":6},"end":{"line":35,"column":8}},"7":{"start":{"line":37,"column":6},"end":{"line":41,"column":7}},"8":{"start":{"line":38,"column":8},"end":{"line":38,"column":67}},"9":{"start":{"line":40,"column":8},"end":{"line":40,"column":88}},"10":{"start":{"line":43,"column":6},"end":{"line":43,"column":68}},"11":{"start":{"line":44,"column":6},"end":{"line":44,"column":32}},"12":{"start":{"line":52,"column":4},"end":{"line":55,"column":5}},"13":{"start":{"line":53,"column":6},"end":{"line":53,"column":107}},"14":{"start":{"line":54,"column":6},"end":{"line":54,"column":19}},"15":{"start":{"line":57,"column":4},"end":{"line":72,"column":5}},"16":{"start":{"line":58,"column":26},"end":{"line":64,"column":8}},"17":{"start":{"line":66,"column":21},"end":{"line":66,"column":65}},"18":{"start":{"line":67,"column":6},"end":{"line":67,"column":89}},"19":{"start":{"line":68,"column":6},"end":{"line":68,"column":18}},"20":{"start":{"line":70,"column":6},"end":{"line":70,"column":72}},"21":{"start":{"line":71,"column":6},"end":{"line":71,"column":19}},"22":{"start":{"line":79,"column":28},"end":{"line":79,"column":85}},"23":{"start":{"line":81,"column":17},"end":{"line":121,"column":6}},"24":{"start":{"line":123,"column":17},"end":{"line":132,"column":6}},"25":{"start":{"line":134,"column":4},"end":{"line":139,"column":7}},"26":{"start":{"line":146,"column":21},"end":{"line":146,"column":80}},"27":{"start":{"line":148,"column":17},"end":{"line":191,"column":6}},"28":{"start":{"line":193,"column":17},"end":{"line":204,"column":6}},"29":{"start":{"line":206,"column":4},"end":{"line":211,"column":7}},"30":{"start":{"line":218,"column":4},"end":{"line":218,"column":29}},"31":{"start":{"line":222,"column":0},"end":{"line":222,"column":34}}},"fnMap":{"0":{"name":"(anonymous_1)","decl":{"start":{"line":15,"column":2},"end":{"line":15,"column":null}},"loc":{"start":{"line":15,"column":2},"end":{"line":17,"column":3}}},"1":{"name":"(anonymous_2)","decl":{"start":{"line":19,"column":10},"end":{"line":19,"column":26}},"loc":{"start":{"line":19,"column":26},"end":{"line":46,"column":3}}},"2":{"name":"(anonymous_3)","decl":{"start":{"line":51,"column":2},"end":{"line":51,"column":7}},"loc":{"start":{"line":51,"column":39},"end":{"line":73,"column":3}}},"3":{"name":"(anonymous_4)","decl":{"start":{"line":78,"column":2},"end":{"line":78,"column":7}},"loc":{"start":{"line":78,"column":72},"end":{"line":140,"column":3}}},"4":{"name":"(anonymous_5)","decl":{"start":{"line":145,"column":2},"end":{"line":145,"column":7}},"loc":{"start":{"line":145,"column":73},"end":{"line":212,"column":3}}},"5":{"name":"(anonymous_6)","decl":{"start":{"line":217,"column":2},"end":{"line":217,"column":9}},"loc":{"start":{"line":217,"column":9},"end":{"line":219,"column":3}}}},"branchMap":{"0":{"loc":{"start":{"line":23,"column":23},"end":{"line":23,"column":53}},"type":"binary-expr","locations":[{"start":{"line":23,"column":23},"end":{"line":23,"column":44}},{"start":{"line":23,"column":48},"end":{"line":23,"column":53}}]},"1":{"loc":{"start":{"line":32,"column":8},"end":{"line":34,"column":29}},"type":"binary-expr","locations":[{"start":{"line":32,"column":8},"end":{"line":32,"column":29}},{"start":{"line":33,"column":8},"end":{"line":33,"column":29}},{"start":{"line":34,"column":8},"end":{"line":34,"column":29}}]},"2":{"loc":{"start":{"line":37,"column":6},"end":{"line":41,"column":7}},"type":"if","locations":[{"start":{"line":37,"column":6},"end":{"line":41,"column":7}},{"start":{"line":39,"column":13},"end":{"line":41,"column":7}}]},"3":{"loc":{"start":{"line":52,"column":4},"end":{"line":55,"column":5}},"type":"if","locations":[{"start":{"line":52,"column":4},"end":{"line":55,"column":5}}]},"4":{"loc":{"start":{"line":59,"column":14},"end":{"line":59,"column":75}},"type":"binary-expr","locations":[{"start":{"line":59,"column":14},"end":{"line":59,"column":36}},{"start":{"line":59,"column":40},"end":{"line":59,"column":75}}]}},"s":{"0":3,"1":3,"2":3,"3":3,"4":3,"5":3,"6":3,"7":3,"8":3,"9":0,"10":0,"11":0,"12":4,"13":0,"14":0,"15":4,"16":4,"17":4,"18":4,"19":4,"20":0,"21":0,"22":3,"23":3,"24":3,"25":3,"26":1,"27":1,"28":1,"29":1,"30":0,"31":3},"f":{"0":3,"1":3,"2":4,"3":3,"4":1,"5":0},"b":{"0":[3,0],"1":[3,3,3],"2":[3,0],"3":[0],"4":[4,0]}}
,"/root/betforbes-backend/src/utils/helpers.ts": {"path":"/root/betforbes-backend/src/utils/helpers.ts","statementMap":{"0":{"start":{"line":7,"column":0},"end":{"line":7,"column":16}},"1":{"start":{"line":14,"column":0},"end":{"line":14,"column":16}},"2":{"start":{"line":26,"column":0},"end":{"line":26,"column":7}},"3":{"start":{"line":34,"column":0},"end":{"line":34,"column":7}},"4":{"start":{"line":41,"column":0},"end":{"line":41,"column":16}},"5":{"start":{"line":48,"column":0},"end":{"line":48,"column":16}},"6":{"start":{"line":56,"column":0},"end":{"line":56,"column":16}},"7":{"start":{"line":84,"column":0},"end":{"line":84,"column":16}},"8":{"start":{"line":91,"column":0},"end":{"line":91,"column":16}},"9":{"start":{"line":101,"column":0},"end":{"line":101,"column":16}},"10":{"start":{"line":115,"column":0},"end":{"line":115,"column":16}},"11":{"start":{"line":129,"column":0},"end":{"line":129,"column":16}},"12":{"start":{"line":145,"column":0},"end":{"line":145,"column":16}},"13":{"start":{"line":152,"column":0},"end":{"line":152,"column":7}},"14":{"start":{"line":1,"column":0},"end":{"line":1,"column":28}},"15":{"start":{"line":2,"column":0},"end":{"line":2,"column":30}},"16":{"start":{"line":8,"column":2},"end":{"line":8,"column":52}},"17":{"start":{"line":15,"column":16},"end":{"line":15,"column":54}},"18":{"start":{"line":16,"column":15},"end":{"line":16,"column":17}},"19":{"start":{"line":17,"column":2},"end":{"line":19,"column":3}},"20":{"start":{"line":17,"column":15},"end":{"line":17,"column":16}},"21":{"start":{"line":18,"column":4},"end":{"line":18,"column":69}},"22":{"start":{"line":20,"column":2},"end":{"line":20,"column":16}},"23":{"start":{"line":27,"column":17},"end":{"line":27,"column":60}},"24":{"start":{"line":28,"column":2},"end":{"line":28,"column":39}},"25":{"start":{"line":35,"column":2},"end":{"line":35,"column":40}},"26":{"start":{"line":42,"column":2},"end":{"line":42,"column":52}},"27":{"start":{"line":49,"column":21},"end":{"line":49,"column":49}},"28":{"start":{"line":50,"column":2},"end":{"line":50,"column":32}},"29":{"start":{"line":57,"column":27},"end":{"line":57,"column":29}},"30":{"start":{"line":59,"column":2},"end":{"line":61,"column":3}},"31":{"start":{"line":60,"column":4},"end":{"line":60,"column":58}},"32":{"start":{"line":63,"column":2},"end":{"line":65,"column":3}},"33":{"start":{"line":64,"column":4},"end":{"line":64,"column":68}},"34":{"start":{"line":67,"column":2},"end":{"line":69,"column":3}},"35":{"start":{"line":68,"column":4},"end":{"line":68,"column":68}},"36":{"start":{"line":71,"column":2},"end":{"line":73,"column":3}},"37":{"start":{"line":72,"column":4},"end":{"line":72,"column":58}},"38":{"start":{"line":75,"column":2},"end":{"line":78,"column":4}},"39":{"start":{"line":85,"column":2},"end":{"line":85,"column":38}},"40":{"start":{"line":92,"column":2},"end":{"line":95,"column":19}},"41":{"start":{"line":102,"column":2},"end":{"line":109,"column":25}},"42":{"start":{"line":116,"column":2},"end":{"line":123,"column":4}},"43":{"start":{"line":130,"column":16},"end":{"line":130,"column":32}},"44":{"start":{"line":131,"column":2},"end":{"line":131,"column":39}},"45":{"start":{"line":131,"column":26},"end":{"line":131,"column":39}},"46":{"start":{"line":133,"column":29},"end":{"line":133,"column":34}},"47":{"start":{"line":134,"column":2},"end":{"line":134,"column":41}},"48":{"start":{"line":134,"column":28},"end":{"line":134,"column":41}},"49":{"start":{"line":136,"column":2},"end":{"line":138,"column":3}},"50":{"start":{"line":137,"column":4},"end":{"line":137,"column":41}},"51":{"start":{"line":139,"column":2},"end":{"line":139,"column":102}},"52":{"start":{"line":146,"column":2},"end":{"line":146,"column":57}},"53":{"start":{"line":146,"column":32},"end":{"line":146,"column":55}},"54":{"start":{"line":159,"column":2},"end":{"line":168,"column":3}},"55":{"start":{"line":159,"column":15},"end":{"line":159,"column":16}},"56":{"start":{"line":160,"column":4},"end":{"line":167,"column":5}},"57":{"start":{"line":161,"column":6},"end":{"line":161,"column":24}},"58":{"start":{"line":163,"column":6},"end":{"line":163,"column":33}},"59":{"start":{"line":164,"column":6},"end":{"line":166,"column":7}},"60":{"start":{"line":165,"column":8},"end":{"line":165,"column":48}},"61":{"start":{"line":170,"column":2},"end":{"line":170,"column":19}}},"fnMap":{"0":{"name":"generateSecureToken","decl":{"start":{"line":7,"column":16},"end":{"line":7,"column":35}},"loc":{"start":{"line":7,"column":55},"end":{"line":9,"column":1}}},"1":{"name":"generateReferralCode","decl":{"start":{"line":14,"column":16},"end":{"line":14,"column":36}},"loc":{"start":{"line":14,"column":55},"end":{"line":21,"column":1}}},"2":{"name":"hashPassword","decl":{"start":{"line":26,"column":22},"end":{"line":26,"column":34}},"loc":{"start":{"line":26,"column":51},"end":{"line":29,"column":1}}},"3":{"name":"verifyPassword","decl":{"start":{"line":34,"column":22},"end":{"line":34,"column":36}},"loc":{"start":{"line":34,"column":67},"end":{"line":36,"column":1}}},"4":{"name":"getExpirationDate","decl":{"start":{"line":41,"column":16},"end":{"line":41,"column":33}},"loc":{"start":{"line":41,"column":49},"end":{"line":43,"column":1}}},"5":{"name":"isValidEmail","decl":{"start":{"line":48,"column":16},"end":{"line":48,"column":28}},"loc":{"start":{"line":48,"column":42},"end":{"line":51,"column":1}}},"6":{"name":"isStrongPassword","decl":{"start":{"line":56,"column":16},"end":{"line":56,"column":32}},"loc":{"start":{"line":56,"column":49},"end":{"line":79,"column":1}}},"7":{"name":"sanitizeString","decl":{"start":{"line":84,"column":16},"end":{"line":84,"column":30}},"loc":{"start":{"line":84,"column":42},"end":{"line":86,"column":1}}},"8":{"name":"formatCurrency","decl":{"start":{"line":91,"column":16},"end":{"line":91,"column":30}},"loc":{"start":{"line":91,"column":70},"end":{"line":96,"column":1}}},"9":{"name":"generateSlug","decl":{"start":{"line":101,"column":16},"end":{"line":101,"column":28}},"loc":{"start":{"line":101,"column":41},"end":{"line":110,"column":1}}},"10":{"name":"getClientIP","decl":{"start":{"line":115,"column":16},"end":{"line":115,"column":27}},"loc":{"start":{"line":115,"column":36},"end":{"line":124,"column":1}}},"11":{"name":"maskEmail","decl":{"start":{"line":129,"column":16},"end":{"line":129,"column":25}},"loc":{"start":{"line":129,"column":39},"end":{"line":140,"column":1}}},"12":{"name":"delay","decl":{"start":{"line":145,"column":16},"end":{"line":145,"column":21}},"loc":{"start":{"line":145,"column":32},"end":{"line":147,"column":1}}},"13":{"name":"(anonymous_14)","decl":{"start":{"line":146,"column":21},"end":{"line":146,"column":28}},"loc":{"start":{"line":146,"column":32},"end":{"line":146,"column":55}}},"14":{"name":"retryWithBackoff","decl":{"start":{"line":152,"column":22},"end":{"line":152,"column":38}},"loc":{"start":{"line":155,"column":26},"end":{"line":171,"column":1}}}},"branchMap":{"0":{"loc":{"start":{"line":7,"column":36},"end":{"line":7,"column":55}},"type":"default-arg","locations":[{"start":{"line":7,"column":53},"end":{"line":7,"column":55}}]},"1":{"loc":{"start":{"line":14,"column":37},"end":{"line":14,"column":55}},"type":"default-arg","locations":[{"start":{"line":14,"column":54},"end":{"line":14,"column":55}}]},"2":{"loc":{"start":{"line":27,"column":26},"end":{"line":27,"column":59}},"type":"binary-expr","locations":[{"start":{"line":27,"column":26},"end":{"line":27,"column":51}},{"start":{"line":27,"column":55},"end":{"line":27,"column":59}}]},"3":{"loc":{"start":{"line":59,"column":2},"end":{"line":61,"column":3}},"type":"if","locations":[{"start":{"line":59,"column":2},"end":{"line":61,"column":3}}]},"4":{"loc":{"start":{"line":63,"column":2},"end":{"line":65,"column":3}},"type":"if","locations":[{"start":{"line":63,"column":2},"end":{"line":65,"column":3}}]},"5":{"loc":{"start":{"line":67,"column":2},"end":{"line":69,"column":3}},"type":"if","locations":[{"start":{"line":67,"column":2},"end":{"line":69,"column":3}}]},"6":{"loc":{"start":{"line":71,"column":2},"end":{"line":73,"column":3}},"type":"if","locations":[{"start":{"line":71,"column":2},"end":{"line":73,"column":3}}]},"7":{"loc":{"start":{"line":91,"column":46},"end":{"line":91,"column":70}},"type":"default-arg","locations":[{"start":{"line":91,"column":65},"end":{"line":91,"column":70}}]},"8":{"loc":{"start":{"line":117,"column":4},"end":{"line":122,"column":13}},"type":"binary-expr","locations":[{"start":{"line":117,"column":4},"end":{"line":117,"column":49}},{"start":{"line":118,"column":4},"end":{"line":118,"column":28}},{"start":{"line":119,"column":4},"end":{"line":119,"column":33}},{"start":{"line":120,"column":4},"end":{"line":120,"column":29}},{"start":{"line":121,"column":4},"end":{"line":121,"column":10}},{"start":{"line":122,"column":4},"end":{"line":122,"column":13}}]},"9":{"loc":{"start":{"line":131,"column":2},"end":{"line":131,"column":39}},"type":"if","locations":[{"start":{"line":131,"column":2},"end":{"line":131,"column":39}}]},"10":{"loc":{"start":{"line":134,"column":2},"end":{"line":134,"column":41}},"type":"if","locations":[{"start":{"line":134,"column":2},"end":{"line":134,"column":41}}]},"11":{"loc":{"start":{"line":134,"column":6},"end":{"line":134,"column":26}},"type":"binary-expr","locations":[{"start":{"line":134,"column":6},"end":{"line":134,"column":15}},{"start":{"line":134,"column":19},"end":{"line":134,"column":26}}]},"12":{"loc":{"start":{"line":136,"column":2},"end":{"line":138,"column":3}},"type":"if","locations":[{"start":{"line":136,"column":2},"end":{"line":138,"column":3}}]},"13":{"loc":{"start":{"line":154,"column":2},"end":{"line":154,"column":24}},"type":"default-arg","locations":[{"start":{"line":154,"column":23},"end":{"line":154,"column":24}}]},"14":{"loc":{"start":{"line":155,"column":2},"end":{"line":155,"column":26}},"type":"default-arg","locations":[{"start":{"line":155,"column":22},"end":{"line":155,"column":26}}]},"15":{"loc":{"start":{"line":164,"column":6},"end":{"line":166,"column":7}},"type":"if","locations":[{"start":{"line":164,"column":6},"end":{"line":166,"column":7}}]}},"s":{"0":3,"1":3,"2":3,"3":3,"4":3,"5":3,"6":3,"7":3,"8":3,"9":3,"10":3,"11":3,"12":3,"13":3,"14":3,"15":3,"16":4,"17":0,"18":0,"19":0,"20":0,"21":0,"22":0,"23":3,"24":3,"25":4,"26":4,"27":0,"28":0,"29":0,"30":0,"31":0,"32":0,"33":0,"34":0,"35":0,"36":0,"37":0,"38":0,"39":0,"40":0,"41":0,"42":46,"43":0,"44":0,"45":0,"46":0,"47":0,"48":0,"49":0,"50":0,"51":0,"52":0,"53":0,"54":0,"55":0,"56":0,"57":0,"58":0,"59":0,"60":0,"61":0},"f":{"0":4,"1":0,"2":3,"3":4,"4":4,"5":0,"6":0,"7":0,"8":0,"9":0,"10":46,"11":0,"12":0,"13":0,"14":0},"b":{"0":[4],"1":[0],"2":[3,3],"3":[0],"4":[0],"5":[0],"6":[0],"7":[0],"8":[46,46,46,0,0,0],"9":[0],"10":[0],"11":[0,0],"12":[0],"13":[0],"14":[0],"15":[0]}}
,"/root/betforbes-backend/src/utils/logger.ts": {"path":"/root/betforbes-backend/src/utils/logger.ts","statementMap":{"0":{"start":{"line":1,"column":0},"end":{"line":1,"column":35}},"1":{"start":{"line":3,"column":15},"end":{"line":19,"column":2}},"2":{"start":{"line":21,"column":0},"end":{"line":21,"column":22}}},"fnMap":{},"branchMap":{"0":{"loc":{"start":{"line":4,"column":9},"end":{"line":4,"column":40}},"type":"binary-expr","locations":[{"start":{"line":4,"column":9},"end":{"line":4,"column":30}},{"start":{"line":4,"column":34},"end":{"line":4,"column":40}}]}},"s":{"0":3,"1":3,"2":3},"f":{},"b":{"0":[3,3]}}
}
