TN:
SF:src/app.ts
FN:10,(anonymous_1)
FNF:1
FNH:1
FNDA:1,(anonymous_1)
DA:1,3
DA:2,3
DA:3,3
DA:4,3
DA:5,3
DA:6,3
DA:7,3
DA:9,3
DA:10,3
DA:11,1
DA:12,1
DA:13,0
DA:14,0
DA:16,1
DA:20,3
DA:21,3
DA:27,3
DA:28,3
DA:31,3
DA:34,3
DA:37,3
DA:39,3
LF:22
LH:20
BRDA:12,0,0,0
BRDA:12,1,0,1
BRDA:12,1,1,1
BRF:3
BRH:2
end_of_record
TN:
SF:src/prisma.ts
FNF:0
FNH:0
DA:1,3
DA:3,3
DA:5,3
LF:3
LH:3
BRF:0
BRH:0
end_of_record
TN:
SF:src/lib/jwt.ts
FN:23,(anonymous_1)
FN:33,(anonymous_2)
FN:57,(anonymous_3)
FN:68,(anonymous_4)
FN:79,(anonymous_5)
FN:95,(anonymous_6)
FNF:6
FNH:4
FNDA:3,(anonymous_1)
FNDA:2,(anonymous_2)
FNDA:0,(anonymous_3)
FNDA:1,(anonymous_4)
FNDA:1,(anonymous_5)
FNDA:0,(anonymous_6)
DA:1,3
DA:24,3
DA:25,3
DA:26,3
DA:27,3
DA:34,2
DA:40,2
DA:44,2
DA:48,2
DA:49,2
DA:51,2
DA:58,0
DA:59,0
DA:61,0
DA:69,1
DA:70,1
DA:72,0
DA:80,1
DA:83,1
DA:85,1
DA:89,1
DA:96,0
DA:97,0
DA:99,0
DA:103,3
LF:25
LH:18
BRDA:24,0,0,3
BRDA:24,0,1,0
BRDA:25,1,0,3
BRDA:25,1,1,3
BRDA:26,2,0,3
BRDA:26,2,1,0
BRDA:27,3,0,3
BRDA:27,3,1,3
BRDA:96,4,0,0
BRDA:96,5,0,0
BRDA:96,5,1,0
BRF:11
BRH:6
end_of_record
TN:
SF:src/lib/prisma.ts
FNF:0
FNH:0
DA:1,3
DA:8,3
DA:12,3
DA:13,3
DA:16,3
LF:5
LH:5
BRDA:8,0,0,3
BRDA:8,0,1,3
BRDA:9,1,0,0
BRDA:9,1,1,3
BRDA:12,2,0,3
BRF:5
BRH:4
end_of_record
TN:
SF:src/middlewares/auth.ts
FN:25,(anonymous_1)
FN:108,(anonymous_2)
FN:148,(anonymous_3)
FN:149,(anonymous_4)
FN:177,(anonymous_5)
FNF:5
FNH:1
FNDA:0,(anonymous_1)
FNDA:0,(anonymous_2)
FNDA:6,(anonymous_3)
FNDA:0,(anonymous_4)
FNDA:0,(anonymous_5)
DA:2,3
DA:3,3
DA:4,3
DA:5,3
DA:25,3
DA:30,0
DA:31,0
DA:32,0
DA:34,0
DA:35,0
DA:40,0
DA:44,0
DA:47,0
DA:59,0
DA:60,0
DA:65,0
DA:68,0
DA:69,0
DA:74,0
DA:78,0
DA:79,0
DA:84,0
DA:88,0
DA:91,0
DA:93,0
DA:95,0
DA:97,0
DA:108,3
DA:113,0
DA:114,0
DA:115,0
DA:117,0
DA:118,0
DA:121,0
DA:122,0
DA:134,0
DA:135,0
DA:138,0
DA:141,0
DA:148,3
DA:149,6
DA:150,0
DA:151,0
DA:156,0
DA:159,0
DA:160,0
DA:162,0
DA:167,0
DA:170,0
DA:177,3
DA:182,0
DA:183,0
DA:188,0
DA:191,0
DA:192,0
DA:197,0
DA:200,0
DA:206,3
DA:211,3
DA:214,3
LF:60
LH:12
BRDA:34,0,0,0
BRDA:59,1,0,0
BRDA:68,2,0,0
BRDA:78,3,0,0
BRDA:78,4,0,0
BRDA:78,4,1,0
BRDA:78,4,2,0
BRDA:117,5,0,0
BRDA:134,6,0,0
BRDA:134,7,0,0
BRDA:134,7,1,0
BRDA:150,8,0,0
BRDA:159,9,0,0
BRDA:182,10,0,0
BRDA:191,11,0,0
BRF:15
BRH:0
end_of_record
TN:
SF:src/middlewares/errorHandler.ts
FN:14,(anonymous_1)
FN:98,(anonymous_2)
FN:113,(anonymous_3)
FN:114,(anonymous_4)
FN:122,(anonymous_5)
FNF:5
FNH:4
FNDA:4,(anonymous_1)
FNDA:0,(anonymous_2)
FNDA:39,(anonymous_3)
FNDA:19,(anonymous_4)
FNDA:4,(anonymous_5)
DA:2,3
DA:3,3
DA:14,3
DA:21,4
DA:32,4
DA:33,4
DA:34,4
DA:37,4
DA:38,0
DA:39,0
DA:40,0
DA:43,4
DA:44,0
DA:45,0
DA:46,0
DA:49,4
DA:50,0
DA:51,0
DA:52,0
DA:55,4
DA:56,0
DA:57,0
DA:58,0
DA:62,4
DA:63,0
DA:65,0
DA:66,0
DA:67,0
DA:68,0
DA:71,0
DA:72,0
DA:73,0
DA:74,0
DA:79,4
DA:87,4
DA:88,0
DA:89,0
DA:92,4
DA:98,3
DA:103,0
DA:104,0
DA:105,0
DA:107,0
DA:113,3
DA:114,39
DA:115,19
DA:122,3
DA:128,4
DA:129,4
DA:130,4
DA:131,4
DA:132,4
LF:52
LH:25
BRDA:28,0,0,4
BRDA:28,0,1,4
BRDA:32,1,0,4
BRDA:32,1,1,0
BRDA:33,2,0,4
BRDA:33,2,1,0
BRDA:34,3,0,4
BRDA:34,3,1,0
BRDA:37,4,0,0
BRDA:43,5,0,0
BRDA:49,6,0,0
BRDA:55,7,0,0
BRDA:62,8,0,0
BRDA:65,9,0,0
BRDA:71,10,0,0
BRDA:87,11,0,0
BRDA:124,12,0,0
BRDA:130,13,0,4
BRF:18
BRH:6
end_of_record
TN:
SF:src/middlewares/rateLimiter.ts
FN:19,(anonymous_1)
FN:20,(anonymous_2)
FN:46,(anonymous_3)
FN:47,(anonymous_4)
FN:72,(anonymous_5)
FN:73,(anonymous_6)
FN:98,(anonymous_7)
FN:99,(anonymous_8)
FNF:8
FNH:1
FNDA:19,(anonymous_1)
FNDA:0,(anonymous_2)
FNDA:0,(anonymous_3)
FNDA:0,(anonymous_4)
FNDA:0,(anonymous_5)
FNDA:0,(anonymous_6)
FNDA:0,(anonymous_7)
FNDA:0,(anonymous_8)
DA:1,3
DA:3,3
DA:4,3
DA:9,3
DA:19,19
DA:21,0
DA:22,0
DA:24,0
DA:35,3
DA:46,0
DA:48,0
DA:49,0
DA:51,0
DA:62,3
DA:72,0
DA:74,0
DA:75,0
DA:77,0
DA:88,3
DA:98,0
DA:100,0
DA:101,0
DA:103,0
DA:112,3
LF:24
LH:9
BRDA:10,0,0,3
BRDA:10,0,1,3
BRDA:11,1,0,3
BRDA:11,1,1,3
BRF:4
BRH:4
end_of_record
TN:
SF:src/modules/affiliates/affiliate.controller.ts
FN:7,(anonymous_1)
FN:18,(anonymous_2)
FN:29,(anonymous_3)
FNF:3
FNH:0
FNDA:0,(anonymous_1)
FNDA:0,(anonymous_2)
FNDA:0,(anonymous_3)
DA:2,3
DA:3,3
DA:7,3
DA:8,0
DA:9,0
DA:10,0
DA:18,3
DA:19,0
DA:20,0
DA:21,0
DA:29,3
DA:30,0
DA:31,0
DA:32,0
DA:33,0
DA:38,0
DA:46,3
LF:17
LH:6
BRDA:31,0,0,0
BRDA:31,0,1,0
BRDA:32,1,0,0
BRDA:32,1,1,0
BRF:4
BRH:0
end_of_record
TN:
SF:src/modules/affiliates/affiliate.routes.ts
FNF:0
FNH:0
DA:1,3
DA:2,3
DA:3,3
DA:5,3
DA:128,3
DA:154,3
DA:204,3
DA:206,3
LF:8
LH:8
BRF:0
BRH:0
end_of_record
TN:
SF:src/modules/affiliates/affiliate.service.ts
FN:23,(anonymous_1)
FN:45,(anonymous_2)
FN:86,(anonymous_3)
FNF:3
FNH:0
FNDA:0,(anonymous_1)
FNDA:0,(anonymous_2)
FNDA:0,(anonymous_3)
DA:1,3
DA:2,3
DA:24,0
DA:29,0
DA:30,0
DA:33,0
DA:34,0
DA:36,0
DA:46,0
DA:51,0
DA:52,0
DA:56,0
DA:61,0
DA:69,0
DA:70,0
DA:72,0
DA:73,0
DA:75,0
DA:92,0
DA:94,0
DA:113,0
DA:115,0
DA:124,3
LF:23
LH:3
BRDA:29,0,0,0
BRDA:29,1,0,0
BRDA:29,1,1,0
BRDA:33,2,0,0
BRDA:33,2,1,0
BRDA:51,3,0,0
BRDA:51,4,0,0
BRDA:51,4,1,0
BRDA:72,5,0,0
BRDA:72,5,1,0
BRDA:86,6,0,0
BRDA:86,7,0,0
BRF:12
BRH:0
end_of_record
TN:
SF:src/modules/auth/auth.controller.ts
FN:22,(anonymous_1)
FN:29,(anonymous_2)
FN:49,(anonymous_3)
FN:52,(anonymous_4)
FN:68,(anonymous_5)
FN:83,(anonymous_6)
FN:86,(anonymous_7)
FN:103,(anonymous_8)
FN:106,(anonymous_9)
FN:123,(anonymous_10)
FN:126,(anonymous_11)
FN:140,(anonymous_12)
FN:143,(anonymous_13)
FN:156,(anonymous_14)
FN:159,(anonymous_15)
FN:172,(anonymous_16)
FN:180,(anonymous_17)
FNF:17
FNH:10
FNDA:4,(anonymous_1)
FNDA:0,(anonymous_2)
FNDA:5,(anonymous_3)
FNDA:1,(anonymous_4)
FNDA:3,(anonymous_5)
FNDA:0,(anonymous_6)
FNDA:0,(anonymous_7)
FNDA:1,(anonymous_8)
FNDA:0,(anonymous_9)
FNDA:2,(anonymous_10)
FNDA:2,(anonymous_11)
FNDA:2,(anonymous_12)
FNDA:0,(anonymous_13)
FNDA:1,(anonymous_14)
FNDA:0,(anonymous_15)
FNDA:0,(anonymous_16)
FNDA:1,(anonymous_17)
DA:2,3
DA:3,3
DA:4,3
DA:5,3
DA:6,3
DA:7,3
DA:18,3
DA:20,3
DA:25,4
DA:27,4
DA:28,4
DA:29,0
DA:30,0
DA:33,4
DA:34,4
DA:36,4
DA:38,3
DA:39,3
DA:47,3
DA:50,5
DA:51,5
DA:52,1
DA:53,1
DA:56,4
DA:57,4
DA:59,4
DA:61,2
DA:62,2
DA:66,3
DA:69,3
DA:70,3
DA:71,0
DA:74,3
DA:75,3
DA:76,3
DA:77,3
DA:81,3
DA:84,0
DA:85,0
DA:86,0
DA:87,0
DA:90,0
DA:91,0
DA:92,0
DA:93,0
DA:101,3
DA:104,1
DA:105,1
DA:106,0
DA:107,0
DA:110,1
DA:111,1
DA:112,1
DA:113,1
DA:121,3
DA:124,2
DA:125,2
DA:126,2
DA:127,2
DA:130,0
DA:131,0
DA:132,0
DA:133,0
DA:134,0
DA:138,3
DA:141,2
DA:142,2
DA:143,0
DA:144,0
DA:147,2
DA:148,2
DA:149,2
DA:150,1
DA:154,3
DA:157,1
DA:158,1
DA:159,0
DA:160,0
DA:163,1
DA:164,1
DA:165,1
DA:166,1
DA:170,3
DA:173,0
DA:174,0
DA:178,3
DA:181,1
DA:182,1
DA:186,3
LF:89
LH:65
BRDA:28,0,0,0
BRDA:51,1,0,1
BRDA:69,2,0,3
BRDA:69,2,1,0
BRDA:70,3,0,0
BRDA:85,4,0,0
BRDA:105,5,0,0
BRDA:125,6,0,2
BRDA:142,7,0,0
BRDA:158,8,0,0
BRF:10
BRH:3
end_of_record
TN:
SF:src/modules/auth/auth.service.ts
FN:39,(anonymous_1)
FN:125,(anonymous_2)
FN:189,(anonymous_3)
FN:236,(anonymous_4)
FN:285,(anonymous_5)
FN:331,(anonymous_6)
FN:379,(anonymous_7)
FN:401,(anonymous_8)
FNF:8
FNH:6
FNDA:4,(anonymous_1)
FNDA:4,(anonymous_2)
FNDA:3,(anonymous_3)
FNDA:0,(anonymous_4)
FNDA:1,(anonymous_5)
FNDA:0,(anonymous_6)
FNDA:2,(anonymous_7)
FNDA:1,(anonymous_8)
DA:1,3
DA:2,3
DA:3,3
DA:4,3
DA:5,3
DA:6,3
DA:40,4
DA:43,4
DA:47,4
DA:48,1
DA:52,3
DA:53,3
DA:54,0
DA:58,0
DA:59,0
DA:62,0
DA:66,3
DA:70,3
DA:71,3
DA:75,3
DA:96,3
DA:97,3
DA:99,3
DA:108,3
DA:114,3
DA:116,3
DA:126,4
DA:129,4
DA:133,4
DA:134,0
DA:138,4
DA:139,4
DA:140,1
DA:144,3
DA:145,0
DA:149,3
DA:150,1
DA:154,2
DA:157,2
DA:163,2
DA:171,2
DA:173,2
DA:191,3
DA:196,3
DA:197,0
DA:200,3
DA:201,0
DA:204,3
DA:205,0
DA:209,3
DA:223,3
DA:228,3
DA:230,3
DA:237,0
DA:241,0
DA:242,0
DA:245,0
DA:246,0
DA:250,0
DA:259,0
DA:260,0
DA:262,0
DA:271,0
DA:277,0
DA:279,0
DA:286,1
DA:290,1
DA:292,0
DA:296,1
DA:305,1
DA:306,1
DA:308,1
DA:317,1
DA:323,1
DA:325,1
DA:333,0
DA:338,0
DA:339,0
DA:342,0
DA:343,0
DA:346,0
DA:347,0
DA:351,0
DA:354,0
DA:360,0
DA:366,0
DA:371,0
DA:373,0
DA:381,2
DA:386,2
DA:387,1
DA:391,1
DA:393,1
DA:395,1
DA:403,1
DA:408,1
DA:410,1
DA:414,3
LF:98
LH:63
BRDA:47,0,0,1
BRDA:53,1,0,0
BRDA:58,2,0,0
BRDA:97,3,0,3
BRDA:97,3,1,3
BRDA:133,4,0,0
BRDA:139,5,0,1
BRDA:144,6,0,0
BRDA:149,7,0,1
BRDA:196,8,0,0
BRDA:200,9,0,0
BRDA:204,10,0,0
BRDA:241,11,0,0
BRDA:245,12,0,0
BRDA:260,13,0,0
BRDA:260,13,1,0
BRDA:290,14,0,0
BRDA:306,15,0,1
BRDA:306,15,1,1
BRDA:338,16,0,0
BRDA:342,17,0,0
BRDA:346,18,0,0
BRDA:386,19,0,1
BRDA:386,20,0,2
BRDA:386,20,1,2
BRDA:386,20,2,1
BRF:26
BRH:11
end_of_record
TN:
SF:src/modules/auth/auth.validation.ts
FN:202,(anonymous_1)
FN:206,(anonymous_2)
FN:228,(anonymous_3)
FN:229,(anonymous_4)
FNF:4
FNH:0
FNDA:0,(anonymous_1)
FNDA:0,(anonymous_2)
FNDA:0,(anonymous_3)
FNDA:0,(anonymous_4)
DA:1,3
DA:9,3
DA:12,3
DA:64,3
DA:86,3
DA:100,3
DA:120,3
DA:134,3
DA:144,3
DA:154,3
DA:181,3
DA:201,3
DA:203,0
DA:207,0
DA:208,0
DA:209,0
DA:210,0
DA:211,0
DA:212,0
DA:213,0
DA:214,0
DA:215,0
DA:216,0
DA:217,0
DA:218,0
DA:219,0
DA:220,0
DA:221,0
DA:222,0
DA:223,0
DA:224,0
DA:225,0
DA:228,0
DA:230,0
LF:34
LH:12
BRDA:209,0,0,0
BRDA:209,0,1,0
BRDA:211,1,0,0
BRDA:211,1,1,0
BRDA:213,2,0,0
BRDA:213,2,1,0
BRDA:215,3,0,0
BRDA:215,3,1,0
BRDA:217,4,0,0
BRDA:217,4,1,0
BRDA:219,5,0,0
BRDA:219,5,1,0
BRDA:221,6,0,0
BRDA:221,6,1,0
BRDA:223,7,0,0
BRDA:223,7,1,0
BRF:16
BRH:0
end_of_record
TN:
SF:src/modules/market/price.service.ts
FN:28,listAssets
FN:71,(anonymous_2)
FN:72,(anonymous_3)
FN:73,(anonymous_4)
FN:106,fetchTicker
FN:149,(anonymous_6)
FN:152,(anonymous_7)
FNF:7
FNH:0
FNDA:0,listAssets
FNDA:0,(anonymous_2)
FNDA:0,(anonymous_3)
FNDA:0,(anonymous_4)
FNDA:0,fetchTicker
FNDA:0,(anonymous_6)
FNDA:0,(anonymous_7)
DA:1,3
DA:2,3
DA:4,3
DA:21,3
DA:22,3
DA:23,3
DA:28,3
DA:29,0
DA:31,0
DA:32,0
DA:33,0
DA:34,0
DA:37,0
DA:39,0
DA:49,0
DA:50,0
DA:51,0
DA:54,0
DA:57,0
DA:58,0
DA:61,0
DA:65,0
DA:66,0
DA:70,0
DA:71,0
DA:72,0
DA:73,0
DA:76,0
DA:79,0
DA:80,0
DA:82,0
DA:85,0
DA:92,0
DA:97,0
DA:98,0
DA:106,3
DA:111,0
DA:112,0
DA:115,0
DA:125,0
DA:126,0
DA:127,0
DA:130,0
DA:133,0
DA:134,0
DA:135,0
DA:136,0
DA:137,0
DA:141,0
DA:142,0
DA:143,0
DA:144,0
DA:145,0
DA:149,0
DA:150,0
DA:151,0
DA:152,0
DA:154,0
DA:155,0
DA:156,0
DA:160,0
DA:161,0
DA:162,0
DA:163,0
DA:164,0
DA:167,0
DA:168,0
DA:169,0
DA:170,0
DA:171,0
DA:172,0
DA:176,0
DA:177,0
DA:178,0
DA:179,0
DA:180,0
DA:184,0
DA:185,0
DA:186,0
DA:187,0
DA:189,0
DA:190,0
DA:193,0
DA:196,0
DA:202,0
DA:203,0
DA:206,0
DA:214,0
DA:215,0
DA:219,0
DA:220,0
DA:221,0
LF:92
LH:8
BRDA:4,0,0,3
BRDA:4,0,1,3
BRDA:32,1,0,0
BRDA:32,2,0,0
BRDA:32,2,1,0
BRDA:49,3,0,0
BRDA:49,4,0,0
BRDA:49,4,1,0
BRDA:49,4,2,0
BRDA:57,5,0,0
BRDA:57,6,0,0
BRDA:57,6,1,0
BRDA:57,6,2,0
BRDA:71,7,0,0
BRDA:71,7,1,0
BRDA:71,7,2,0
BRDA:125,8,0,0
BRDA:125,9,0,0
BRDA:125,9,1,0
BRDA:125,9,2,0
BRDA:133,10,0,0
BRDA:133,11,0,0
BRDA:133,11,1,0
BRDA:133,11,2,0
BRDA:141,12,0,0
BRDA:141,13,0,0
BRDA:141,13,1,0
BRDA:149,14,0,0
BRDA:149,14,1,0
BRDA:150,15,0,0
BRDA:160,16,0,0
BRDA:160,17,0,0
BRDA:160,17,1,0
BRDA:160,17,2,0
BRDA:168,18,0,0
BRDA:176,19,0,0
BRDA:176,20,0,0
BRDA:176,20,1,0
BRDA:176,20,2,0
BRDA:189,21,0,0
BRDA:214,22,0,0
BRF:41
BRH:2
end_of_record
TN:
SF:src/routes/auth.ts
FNF:0
FNH:0
DA:2,3
DA:4,3
DA:6,3
DA:9,3
DA:11,3
LF:5
LH:5
BRF:0
BRH:0
end_of_record
TN:
SF:src/routes/index.ts
FNF:0
FNH:0
DA:1,3
DA:2,3
DA:3,3
DA:4,3
DA:5,3
DA:8,3
DA:11,3
DA:14,3
DA:16,3
DA:18,3
DA:20,3
LF:11
LH:11
BRF:0
BRH:0
end_of_record
TN:
SF:src/routes/market.routes.ts
FN:11,(anonymous_1)
FN:57,(anonymous_2)
FN:135,(anonymous_3)
FNF:3
FNH:0
FNDA:0,(anonymous_1)
FNDA:0,(anonymous_2)
FNDA:0,(anonymous_3)
DA:1,3
DA:2,3
DA:3,3
DA:5,3
DA:11,3
DA:12,0
DA:14,0
DA:15,0
DA:20,0
DA:22,0
DA:23,0
DA:28,0
DA:36,0
DA:37,0
DA:44,0
DA:57,3
DA:58,0
DA:59,0
DA:61,0
DA:62,0
DA:63,0
DA:64,0
DA:72,0
DA:74,0
DA:81,0
DA:83,0
DA:84,0
DA:90,0
DA:100,0
DA:101,0
DA:103,0
DA:113,0
DA:114,0
DA:122,0
DA:135,3
DA:136,0
DA:138,0
DA:140,0
DA:147,0
DA:151,0
DA:160,3
LF:41
LH:8
BRDA:46,0,0,0
BRDA:46,0,1,0
BRDA:62,1,0,0
BRDA:101,2,0,0
BRDA:101,2,1,0
BRDA:113,3,0,0
BRDA:124,4,0,0
BRDA:124,4,1,0
BRF:8
BRH:0
end_of_record
TN:
SF:src/utils/email.ts
FN:15,(anonymous_1)
FN:19,(anonymous_2)
FN:51,(anonymous_3)
FN:78,(anonymous_4)
FN:145,(anonymous_5)
FN:217,(anonymous_6)
FNF:6
FNH:5
FNDA:3,(anonymous_1)
FNDA:3,(anonymous_2)
FNDA:4,(anonymous_3)
FNDA:3,(anonymous_4)
FNDA:1,(anonymous_5)
FNDA:0,(anonymous_6)
DA:1,3
DA:2,3
DA:13,3
DA:16,3
DA:20,3
DA:21,3
DA:31,3
DA:37,3
DA:38,3
DA:40,0
DA:43,0
DA:44,0
DA:52,4
DA:53,0
DA:54,0
DA:57,4
DA:58,4
DA:66,4
DA:67,4
DA:68,4
DA:70,0
DA:71,0
DA:79,3
DA:81,3
DA:123,3
DA:134,3
DA:146,1
DA:148,1
DA:193,1
DA:206,1
DA:218,0
DA:222,3
LF:32
LH:24
BRDA:23,0,0,3
BRDA:23,0,1,0
BRDA:32,1,0,3
BRDA:32,1,1,3
BRDA:32,1,2,3
BRDA:37,2,0,3
BRDA:37,2,1,0
BRDA:52,3,0,0
BRDA:59,4,0,4
BRDA:59,4,1,0
BRF:10
BRH:6
end_of_record
TN:
SF:src/utils/helpers.ts
FN:7,generateSecureToken
FN:14,generateReferralCode
FN:26,hashPassword
FN:34,verifyPassword
FN:41,getExpirationDate
FN:48,isValidEmail
FN:56,isStrongPassword
FN:84,sanitizeString
FN:91,formatCurrency
FN:101,generateSlug
FN:115,getClientIP
FN:129,maskEmail
FN:145,delay
FN:146,(anonymous_14)
FN:152,retryWithBackoff
FNF:15
FNH:5
FNDA:4,generateSecureToken
FNDA:0,generateReferralCode
FNDA:3,hashPassword
FNDA:4,verifyPassword
FNDA:4,getExpirationDate
FNDA:0,isValidEmail
FNDA:0,isStrongPassword
FNDA:0,sanitizeString
FNDA:0,formatCurrency
FNDA:0,generateSlug
FNDA:46,getClientIP
FNDA:0,maskEmail
FNDA:0,delay
FNDA:0,(anonymous_14)
FNDA:0,retryWithBackoff
DA:1,3
DA:2,3
DA:7,3
DA:8,4
DA:14,3
DA:15,0
DA:16,0
DA:17,0
DA:18,0
DA:20,0
DA:26,3
DA:27,3
DA:28,3
DA:34,3
DA:35,4
DA:41,3
DA:42,4
DA:48,3
DA:49,0
DA:50,0
DA:56,3
DA:57,0
DA:59,0
DA:60,0
DA:63,0
DA:64,0
DA:67,0
DA:68,0
DA:71,0
DA:72,0
DA:75,0
DA:84,3
DA:85,0
DA:91,3
DA:92,0
DA:101,3
DA:102,0
DA:115,3
DA:116,46
DA:129,3
DA:130,0
DA:131,0
DA:133,0
DA:134,0
DA:136,0
DA:137,0
DA:139,0
DA:145,3
DA:146,0
DA:152,3
DA:159,0
DA:160,0
DA:161,0
DA:163,0
DA:164,0
DA:165,0
DA:170,0
LF:57
LH:22
BRDA:7,0,0,4
BRDA:14,1,0,0
BRDA:27,2,0,3
BRDA:27,2,1,3
BRDA:59,3,0,0
BRDA:63,4,0,0
BRDA:67,5,0,0
BRDA:71,6,0,0
BRDA:91,7,0,0
BRDA:117,8,0,46
BRDA:117,8,1,46
BRDA:117,8,2,46
BRDA:117,8,3,0
BRDA:117,8,4,0
BRDA:117,8,5,0
BRDA:131,9,0,0
BRDA:134,10,0,0
BRDA:134,11,0,0
BRDA:134,11,1,0
BRDA:136,12,0,0
BRDA:154,13,0,0
BRDA:155,14,0,0
BRDA:164,15,0,0
BRF:23
BRH:6
end_of_record
TN:
SF:src/utils/logger.ts
FNF:0
FNH:0
DA:1,3
DA:3,3
DA:21,3
LF:3
LH:3
BRDA:4,0,0,3
BRDA:4,0,1,3
BRF:2
BRH:2
end_of_record
